{"method":"POST","url":"/getCosumerById/1","status":"404","responseTime":"47.391"}
{"method":"GET","url":"/getCosumerById/1","status":"404","responseTime":"13.511"}
{"method":"GET","url":"/getConsumerById/1","status":"404","responseTime":"2.641"}
{"method":"GET","url":"/consumer/getConsumerById/1","status":"200","responseTime":"80.123"}
{"method":"GET","url":"/common/getAllRecyclingCategories","status":"304","responseTime":"23.380"}
{"method":"GET","url":"/common/getAllRecyclingCategories","status":"304","responseTime":"6.902"}
{"method":"GET","url":"/common/getAllRecyclingSubCategories","status":"304","responseTime":"33.102"}
{"method":"GET","url":"/common/getAllRecyclingSubCategories","status":"304","responseTime":"4.585"}
{"method":"GET","url":"/common/getAllRecyclingCategories","status":"304","responseTime":"15.190"}
{"method":"GET","url":"/consumer/showcart/2","status":"304","responseTime":"15.031"}
{"method":"GET","url":"/common/getAllRecyclingCategories","status":"304","responseTime":"6.789"}
{"method":"GET","url":"/consumer/showcart/2","status":"304","responseTime":"7.167"}
{"method":"GET","url":"/common/getAllRecyclingCategories","status":"304","responseTime":"8.685"}
{"method":"GET","url":"/common/getAllRecyclingSubCategories","status":"304","responseTime":"11.868"}
{"method":"GET","url":"/common/getAllRecyclingCategories","status":"304","responseTime":"5.979"}
{"method":"GET","url":"/common/getAllRecyclingSubCategories","status":"304","responseTime":"4.012"}
{"method":"GET","url":"/consumer/getConsumerById/2","status":"304","responseTime":"7.594"}
{"method":"GET","url":"/consumer/getConsumerById/2","status":"304","responseTime":"3.554"}
{"method":"GET","url":"/consumer/getConsumerById/2","status":"304","responseTime":"4.699"}
{"method":"GET","url":"/consumer/getConsumerById/2","status":"304","responseTime":"3.463"}
{"method":"GET","url":"/common/getAllRecyclingCategories","status":"304","responseTime":"6.150"}
{"method":"GET","url":"/common/getAllRecyclingSubCategories","status":"304","responseTime":"5.546"}
{"method":"GET","url":"/common/getAllRecyclingCategories","status":"304","responseTime":"6.011"}
{"method":"GET","url":"/common/getAllRecyclingSubCategories","status":"304","responseTime":"5.026"}
{"method":"GET","url":"/consumer/getConsumerById/2","status":"304","responseTime":"4.284"}
{"method":"GET","url":"/consumer/getConsumerById/2","status":"304","responseTime":"2.888"}
{"method":"GET","url":"/consumer/getConsumerById/2","status":"304","responseTime":"4.127"}
{"method":"GET","url":"/consumer/getConsumerById/2","status":"304","responseTime":"8.149"}
{"method":"GET","url":"/consumer/getConsumerById/2","status":"304","responseTime":"3.318"}
{"method":"GET","url":"/consumer/getConsumerById/2","status":"304","responseTime":"2.510"}
{"method":"GET","url":"/common/getAllRecyclingCategories","status":"304","responseTime":"7.292"}
{"method":"GET","url":"/common/getAllRecyclingSubCategories","status":"304","responseTime":"5.452"}
{"method":"GET","url":"/common/getAllRecyclingCategories","status":"304","responseTime":"5.710"}
{"method":"GET","url":"/common/getAllRecyclingSubCategories","status":"304","responseTime":"4.376"}
{"method":"GET","url":"/common/getRecySubCategoriesByCatId/1","status":"304","responseTime":"8.220"}
{"method":"GET","url":"/common/getAllRecyclingCategories","status":"304","responseTime":"4.802"}
{"method":"GET","url":"/consumer/showcart/2","status":"304","responseTime":"4.481"}
{"method":"GET","url":"/common/getAllRecyclingCategories","status":"304","responseTime":"7.212"}
{"method":"GET","url":"/consumer/showcart/2","status":"304","responseTime":"6.658"}
{"method":"GET","url":"/consumer/showcart/1","status":"200","responseTime":"4.766"}
{"method":"GET","url":"/common/getAllRecyclingCategories","status":"304","responseTime":"3.572"}
{"method":"GET","url":"/consumer/showcart/2","status":"304","responseTime":"2.272"}
{"method":"GET","url":"/common/getAllRecyclingCategories","status":"304","responseTime":"4.324"}
{"method":"GET","url":"/consumer/showcart/2","status":"304","responseTime":"3.627"}
{"method":"GET","url":"/common/getAllRecyclingCategories","status":"304","responseTime":"2.942"}
{"method":"GET","url":"/common/getAllRecyclingSubCategories","status":"304","responseTime":"7.725"}
{"method":"GET","url":"/common/getAllRecyclingCategories","status":"304","responseTime":"6.391"}
{"method":"GET","url":"/common/getAllRecyclingSubCategories","status":"304","responseTime":"3.992"}
{"method":"POST","url":"/supplier/signin","status":"200","responseTime":"14.238"}
{"method":"POST","url":"/supplier/mobile","status":"200","responseTime":"7.872"}
{"method":"GET","url":"/common/getAllTrashCategories","status":"304","responseTime":"7.091"}
{"method":"GET","url":"/common/getAllTrashCategories","status":"304","responseTime":"3.070"}
{"method":"GET","url":"/common/getTrashSubCategoriesByCatId/1","status":"304","responseTime":"30.640"}
{"method":"GET","url":"/common/getTrashSubCategoriesByCatId/2","status":"304","responseTime":"28.917"}
{"method":"GET","url":"/common/getTrashSubCategoriesByCatId/1","status":"304","responseTime":"18.237"}
{"method":"GET","url":"/common/getTrashSubCategoriesByCatId/2","status":"304","responseTime":"18.181"}
{"method":"GET","url":"/common/getTrashSubCategoriesByCatId/3","status":"304","responseTime":"58.166"}
{"method":"GET","url":"/common/getTrashSubCategoriesByCatId/4","status":"304","responseTime":"52.884"}
{"method":"GET","url":"/common/getTrashSubCategoriesByCatId/5","status":"304","responseTime":"57.218"}
{"method":"GET","url":"/common/getTrashSubCategoriesByCatId/4","status":"304","responseTime":"9.507"}
{"method":"GET","url":"/common/getTrashSubCategoriesByCatId/3","status":"304","responseTime":"16.270"}
{"method":"GET","url":"/common/getTrashSubCategoriesByCatId/5","status":"304","responseTime":"9.405"}
{"method":"GET","url":"/common/getAllTrashCategories","status":"304","responseTime":"50.679"}
{"method":"GET","url":"/common/getAllTrashCategories","status":"304","responseTime":"3.220"}
{"method":"GET","url":"/common/getAllTrashCategories","status":"304","responseTime":"3.839"}
{"method":"GET","url":"/common/getAllTrashCategories","status":"304","responseTime":"3.899"}
{"method":"GET","url":"/common/getAllTrashCategories","status":"304","responseTime":"6.560"}
{"method":"GET","url":"/common/getAllTrashCategories","status":"304","responseTime":"3.517"}
{"method":"GET","url":"/common/getAllTrashCategories","status":"304","responseTime":"22.020"}
{"method":"GET","url":"/common/getTrashSubCategoriesByCatId/3","status":"304","responseTime":"13.221"}
{"method":"GET","url":"/common/getTrashSubCategoriesByCatId/4","status":"304","responseTime":"14.753"}
{"method":"GET","url":"/common/getTrashSubCategoriesByCatId/2","status":"304","responseTime":"25.778"}
{"method":"GET","url":"/common/getTrashSubCategoriesByCatId/3","status":"304","responseTime":"8.220"}
{"method":"GET","url":"/common/getTrashSubCategoriesByCatId/5","status":"304","responseTime":"20.368"}
{"method":"GET","url":"/common/getTrashSubCategoriesByCatId/4","status":"304","responseTime":"9.096"}
{"method":"GET","url":"/common/getAllTrashCategories","status":"304","responseTime":"12.433"}
{"method":"GET","url":"/common/getTrashSubCategoriesByCatId/5","status":"304","responseTime":"10.677"}
{"method":"GET","url":"/common/getTrashSubCategoriesByCatId/3","status":"304","responseTime":"9.693"}
{"method":"GET","url":"/common/getTrashSubCategoriesByCatId/4","status":"304","responseTime":"12.593"}
{"method":"GET","url":"/common/getAllTrashCategories","status":"304","responseTime":"13.774"}
{"method":"GET","url":"/common/getTrashSubCategoriesByCatId/5","status":"304","responseTime":"10.878"}
{"method":"GET","url":"/common/getTrashSubCategoriesByCatId/3","status":"304","responseTime":"16.289"}
{"method":"GET","url":"/common/getTrashSubCategoriesByCatId/4","status":"304","responseTime":"14.757"}
{"method":"GET","url":"/common/getTrashSubCategoriesByCatId/5","status":"304","responseTime":"4.857"}
{"method":"GET","url":"/common/getAllTrashCategories","status":"304","responseTime":"10.087"}
{"method":"GET","url":"/common/getTrashSubCategoriesByCatId/5","status":"304","responseTime":"6.130"}
{"method":"GET","url":"/common/getAllTrashCategories","status":"304","responseTime":"5.052"}
{"method":"GET","url":"/common/getAllTrashCategories","status":"304","responseTime":"3.084"}
{"method":"GET","url":"/common/getAllTrashCategories","status":"304","responseTime":"2.919"}
{"method":"GET","url":"/common/getAllTrashCategories","status":"304","responseTime":"3.032"}
{"method":"GET","url":"/common/getAllTrashCategories","status":"304","responseTime":"2.950"}
{"method":"GET","url":"/common/getAllTrashCategories","status":"304","responseTime":"2.510"}
{"method":"GET","url":"/common/getAllTrashCategories","status":"304","responseTime":"3.524"}
{"method":"GET","url":"/common/getAllTrashCategories","status":"304","responseTime":"4.414"}
{"method":"GET","url":"/common/getAllTrashCategories","status":"304","responseTime":"11.004"}
{"method":"GET","url":"/common/getTrashSubCategoriesByCatId/1","status":"304","responseTime":"13.137"}
{"method":"GET","url":"/supplier/showcart/3","status":"304","responseTime":"12.272"}
{"method":"GET","url":"/common/getAllTrashCategories","status":"304","responseTime":"7.013"}
{"method":"GET","url":"/supplier/showcart/3","status":"304","responseTime":"3.188"}
{"method":"GET","url":"/common/getTrashSubCategoriesByCatId/1","status":"304","responseTime":"6.911"}
{"method":"GET","url":"/supplier/showcart/3","status":"304","responseTime":"9.138"}
{"method":"GET","url":"/supplier/pickup","status":"304","responseTime":"12.856"}
{"method":"GET","url":"/supplier/showcart/3","status":"304","responseTime":"7.375"}
{"method":"GET","url":"/supplier/pickup","status":"304","responseTime":"4.595"}
{"method":"GET","url":"/supplier/pickup","status":"304","responseTime":"4.914"}
{"method":"GET","url":"/supplier/showcart/3","status":"304","responseTime":"5.717"}
{"method":"GET","url":"/supplier/pickup","status":"304","responseTime":"5.277"}
{"method":"GET","url":"/supplier/showcart/3","status":"304","responseTime":"5.163"}
{"method":"GET","url":"/consumer/delivery/1","status":"404","responseTime":"6.248"}
{"method":"GET","url":"/consumer/delivery","status":"200","responseTime":"30.780"}
{"method":"GET","url":"/supplier/pickup","status":"200","responseTime":"4.193"}
{"method":"DELETE","url":"/consumer/delivery/6","status":"404","responseTime":"6.793"}
{"method":"GET","url":"/common/getAllTrashCategories","status":"304","responseTime":"14.037"}
{"method":"GET","url":"/common/getTrashSubCategoriesByCatId/1","status":"304","responseTime":"11.982"}
{"method":"GET","url":"/supplier/showcart/3","status":"304","responseTime":"16.429"}
{"method":"GET","url":"/common/getAllTrashCategories","status":"304","responseTime":"7.309"}
{"method":"GET","url":"/common/getTrashSubCategoriesByCatId/1","status":"304","responseTime":"6.264"}
{"method":"GET","url":"/supplier/showcart/3","status":"304","responseTime":"3.920"}
{"method":"GET","url":"/common/getAllTrashCategories","status":"304","responseTime":"3.124"}
{"method":"GET","url":"/common/getAllTrashCategories","status":"304","responseTime":"5.743"}
{"method":"GET","url":"/common/getTrashSubCategoriesByCatId/1","status":"304","responseTime":"13.622"}
{"method":"GET","url":"/common/getTrashSubCategoriesByCatId/2","status":"304","responseTime":"14.499"}
{"method":"GET","url":"/common/getTrashSubCategoriesByCatId/3","status":"304","responseTime":"13.576"}
{"method":"GET","url":"/common/getTrashSubCategoriesByCatId/4","status":"304","responseTime":"11.132"}
{"method":"GET","url":"/common/getTrashSubCategoriesByCatId/5","status":"304","responseTime":"12.153"}
{"method":"GET","url":"/common/getTrashSubCategoriesByCatId/1","status":"304","responseTime":"22.289"}
{"method":"GET","url":"/common/getTrashSubCategoriesByCatId/2","status":"304","responseTime":"21.433"}
{"method":"GET","url":"/common/getAllTrashCategories","status":"304","responseTime":"21.964"}
{"method":"GET","url":"/common/getTrashSubCategoriesByCatId/3","status":"304","responseTime":"25.881"}
{"method":"GET","url":"/common/getTrashSubCategoriesByCatId/5","status":"304","responseTime":"15.742"}
{"method":"GET","url":"/common/getTrashSubCategoriesByCatId/4","status":"304","responseTime":"40.832"}
{"method":"GET","url":"/common/getAllTrashCategories","status":"304","responseTime":"26.720"}
{"method":"GET","url":"/common/getTrashSubCategoriesByCatId/3","status":"304","responseTime":"15.785"}
{"method":"GET","url":"/common/getTrashSubCategoriesByCatId/5","status":"304","responseTime":"15.131"}
{"method":"GET","url":"/common/getTrashSubCategoriesByCatId/4","status":"304","responseTime":"15.600"}
{"method":"GET","url":"/common/getTrashSubCategoriesByCatId/2","status":"304","responseTime":"30.395"}
{"method":"GET","url":"/common/getAllTrashCategories","status":"304","responseTime":"9.524"}
{"method":"GET","url":"/common/getAllTrashCategories","status":"304","responseTime":"4.051"}
{"method":"GET","url":"/common/getAllTrashCategories","status":"304","responseTime":"2.581"}
{"method":"GET","url":"/common/getAllTrashCategories","status":"304","responseTime":"3.352"}
{"method":"GET","url":"/common/getAllTrashCategories","status":"304","responseTime":"3.404"}
{"method":"GET","url":"/common/getTrashSubCategoriesByCatId/3","status":"304","responseTime":"7.711"}
{"method":"GET","url":"/common/getTrashSubCategoriesByCatId/4","status":"304","responseTime":"6.125"}
{"method":"GET","url":"/common/getTrashSubCategoriesByCatId/5","status":"304","responseTime":"6.108"}
{"method":"GET","url":"/common/getAllTrashCategories","status":"304","responseTime":"2.932"}
{"method":"GET","url":"/common/getAllTrashCategories","status":"304","responseTime":"3.436"}
{"method":"GET","url":"/common/getTrashSubCategoriesByCatId/5","status":"304","responseTime":"7.767"}
{"method":"GET","url":"/common/getAllTrashCategories","status":"304","responseTime":"2.455"}
{"method":"GET","url":"/common/getAllTrashCategories","status":"304","responseTime":"2.540"}
{"method":"GET","url":"/common/getAllTrashCategories","status":"304","responseTime":"2.679"}
{"method":"POST","url":"/consumer/signin","status":"401","responseTime":"5.875"}
{"method":"POST","url":"/consumer/signin","status":"200","responseTime":"6.230"}
{"method":"POST","url":"/consumer/email","status":"200","responseTime":"7.902"}
{"method":"GET","url":"/common/getAllRecyclingCategories","status":"304","responseTime":"9.290"}
{"method":"GET","url":"/common/getAllRecyclingSubCategories","status":"304","responseTime":"8.666"}
{"method":"GET","url":"/common/getAllRecyclingCategories","status":"304","responseTime":"6.821"}
{"method":"GET","url":"/common/getAllRecyclingSubCategories","status":"304","responseTime":"6.301"}
{"method":"POST","url":"/common/findServiceByPincode","status":"500","responseTime":"7.579"}
{"method":"GET","url":"/consumer/showcart/2","status":"304","responseTime":"8.164"}
{"method":"GET","url":"/common/getAllRecyclingCategories","status":"304","responseTime":"8.090"}
{"method":"GET","url":"/common/getAllRecyclingCategories","status":"304","responseTime":"6.731"}
{"method":"GET","url":"/consumer/showcart/2","status":"304","responseTime":"5.433"}
{"method":"GET","url":"/consumer/showcart/2","status":"304","responseTime":"2.966"}
{"method":"GET","url":"/consumer/showcart/2","status":"304","responseTime":"8.133"}
{"method":"GET","url":"/consumer/delivery","status":"200","responseTime":"7.330"}
{"method":"GET","url":"/consumer/delivery","status":"304","responseTime":"4.027"}
{"method":"POST","url":"/consumer/placeorder","status":"200","responseTime":"133.157"}
{"method":"GET","url":"/consumer/delivery","status":"304","responseTime":"6.187"}
{"method":"GET","url":"/consumer/showcart/2","status":"404","responseTime":"7.549"}
{"method":"GET","url":"/consumer/delivery","status":"304","responseTime":"4.054"}
{"method":"GET","url":"/consumer/showcart/2","status":"404","responseTime":"3.532"}
{"method":"GET","url":"/consumer/showcart/2","status":"404","responseTime":"5.392"}
{"method":"GET","url":"/common/getAllRecyclingCategories","status":"304","responseTime":"4.717"}
{"method":"GET","url":"/consumer/showcart/2","status":"404","responseTime":"6.601"}
{"method":"GET","url":"/common/getAllRecyclingCategories","status":"304","responseTime":"4.406"}
{"method":"GET","url":"/common/getRecySubCategoriesByCatId/3","status":"304","responseTime":"7.173"}
{"method":"POST","url":"/consumer/addcart/5","status":"201","responseTime":"12.225"}
{"method":"GET","url":"/consumer/showcart/2","status":"200","responseTime":"4.599"}
{"method":"GET","url":"/consumer/delivery","status":"304","responseTime":"4.116"}
{"method":"GET","url":"/consumer/showcart/2","status":"304","responseTime":"3.144"}
{"method":"GET","url":"/consumer/showcart/2","status":"304","responseTime":"3.512"}
{"method":"GET","url":"/consumer/delivery","status":"304","responseTime":"7.119"}
{"method":"GET","url":"/consumer/delivery","status":"304","responseTime":"3.362"}
{"method":"GET","url":"/consumer/showcart/2","status":"304","responseTime":"2.261"}
{"method":"GET","url":"/consumer/delivery","status":"304","responseTime":"6.682"}
{"method":"GET","url":"/consumer/showcart/2","status":"304","responseTime":"4.366"}
{"method":"GET","url":"/consumer/showcart/2","status":"304","responseTime":"6.778"}
{"method":"GET","url":"/consumer/delivery","status":"304","responseTime":"12.858"}
{"method":"GET","url":"/consumer/delivery","status":"304","responseTime":"6.903"}
{"method":"GET","url":"/consumer/showcart/2","status":"304","responseTime":"4.922"}
{"method":"GET","url":"/consumer/delivery","status":"304","responseTime":"3.004"}
{"method":"GET","url":"/consumer/showcart/2","status":"304","responseTime":"1.795"}
{"method":"POST","url":"/consumer/placeorder","status":"200","responseTime":"63.687"}
{"method":"POST","url":"/supplier/signin","status":"200","responseTime":"5.466"}
{"method":"POST","url":"/supplier/mobile","status":"200","responseTime":"2.477"}
{"method":"GET","url":"/common/getAllTrashCategories","status":"304","responseTime":"2.536"}
{"method":"GET","url":"/common/getAllTrashCategories","status":"304","responseTime":"2.421"}
{"method":"GET","url":"/common/getTrashSubCategoriesByCatId/1","status":"304","responseTime":"7.851"}
{"method":"GET","url":"/common/getTrashSubCategoriesByCatId/2","status":"304","responseTime":"6.496"}
{"method":"GET","url":"/common/getTrashSubCategoriesByCatId/3","status":"304","responseTime":"6.199"}
{"method":"GET","url":"/common/getTrashSubCategoriesByCatId/4","status":"304","responseTime":"6.316"}
{"method":"GET","url":"/common/getTrashSubCategoriesByCatId/5","status":"304","responseTime":"8.066"}
{"method":"GET","url":"/common/getTrashSubCategoriesByCatId/1","status":"304","responseTime":"11.015"}
{"method":"GET","url":"/common/getTrashSubCategoriesByCatId/2","status":"304","responseTime":"10.801"}
{"method":"GET","url":"/common/getTrashSubCategoriesByCatId/3","status":"304","responseTime":"11.553"}
{"method":"GET","url":"/common/getTrashSubCategoriesByCatId/4","status":"304","responseTime":"10.606"}
{"method":"GET","url":"/common/getTrashSubCategoriesByCatId/5","status":"304","responseTime":"9.356"}
{"method":"GET","url":"/common/getAllTrashCategories","status":"304","responseTime":"7.274"}
{"method":"GET","url":"/common/getAllTrashCategories","status":"304","responseTime":"4.591"}
{"method":"GET","url":"/common/getAllTrashCategories","status":"304","responseTime":"8.671"}
{"method":"GET","url":"/common/getAllTrashCategories","status":"304","responseTime":"2.427"}
{"method":"GET","url":"/common/getTrashSubCategoriesByCatId/2","status":"304","responseTime":"2.412"}
{"method":"GET","url":"/common/getTrashSubCategoriesByCatId/3","status":"304","responseTime":"7.284"}
{"method":"GET","url":"/common/getTrashSubCategoriesByCatId/4","status":"304","responseTime":"6.149"}
{"method":"GET","url":"/common/getTrashSubCategoriesByCatId/5","status":"304","responseTime":"3.963"}
{"method":"GET","url":"/common/getAllTrashCategories","status":"304","responseTime":"2.916"}
{"method":"GET","url":"/common/getAllTrashCategories","status":"304","responseTime":"1.952"}
{"method":"GET","url":"/common/getAllTrashCategories","status":"304","responseTime":"2.435"}
{"method":"GET","url":"/common/getTrashSubCategoriesByCatId/3","status":"304","responseTime":"4.091"}
{"method":"GET","url":"/common/getTrashSubCategoriesByCatId/4","status":"304","responseTime":"3.512"}
{"method":"GET","url":"/common/getTrashSubCategoriesByCatId/5","status":"304","responseTime":"2.509"}
{"method":"GET","url":"/common/getTrashSubCategoriesByCatId/1","status":"304","responseTime":"8.818"}
{"method":"GET","url":"/common/getTrashSubCategoriesByCatId/2","status":"304","responseTime":"8.265"}
{"method":"GET","url":"/common/getTrashSubCategoriesByCatId/1","status":"304","responseTime":"7.496"}
{"method":"GET","url":"/common/getTrashSubCategoriesByCatId/3","status":"304","responseTime":"8.473"}
{"method":"GET","url":"/common/getTrashSubCategoriesByCatId/4","status":"304","responseTime":"9.542"}
{"method":"GET","url":"/common/getTrashSubCategoriesByCatId/5","status":"304","responseTime":"8.415"}
{"method":"GET","url":"/common/getTrashSubCategoriesByCatId/2","status":"304","responseTime":"7.899"}
{"method":"GET","url":"/common/getAllTrashCategories","status":"304","responseTime":"5.511"}
{"method":"GET","url":"/common/getAllTrashCategories","status":"304","responseTime":"2.813"}
{"method":"GET","url":"/common/getAllTrashCategories","status":"304","responseTime":"7.194"}
{"method":"GET","url":"/common/getTrashSubCategoriesByCatId/1","status":"304","responseTime":"11.307"}
{"method":"GET","url":"/common/getTrashSubCategoriesByCatId/2","status":"304","responseTime":"10.077"}
{"method":"GET","url":"/common/getAllTrashCategories","status":"304","responseTime":"3.299"}
{"method":"GET","url":"/common/getTrashSubCategoriesByCatId/5","status":"304","responseTime":"8.371"}
{"method":"GET","url":"/common/getTrashSubCategoriesByCatId/4","status":"304","responseTime":"11.836"}
{"method":"GET","url":"/common/getAllTrashCategories","status":"304","responseTime":"1.683"}
{"method":"GET","url":"/common/getAllTrashCategories","status":"304","responseTime":"2.108"}
{"method":"GET","url":"/common/getAllTrashCategories","status":"304","responseTime":"2.128"}
{"method":"GET","url":"/supplier/getSupplierById/3","status":"304","responseTime":"5.792"}
{"method":"GET","url":"/supplier/getSupplierById/3","status":"304","responseTime":"5.258"}
{"method":"GET","url":"/common/getAllTrashCategories","status":"304","responseTime":"4.555"}
{"method":"GET","url":"/common/getAllTrashCategories","status":"304","responseTime":"3.532"}
{"method":"GET","url":"/common/getTrashSubCategoriesByCatId/1","status":"304","responseTime":"10.524"}
{"method":"GET","url":"/common/getTrashSubCategoriesByCatId/2","status":"304","responseTime":"13.252"}
{"method":"GET","url":"/common/getTrashSubCategoriesByCatId/3","status":"304","responseTime":"13.761"}
{"method":"GET","url":"/common/getTrashSubCategoriesByCatId/5","status":"304","responseTime":"14.186"}
{"method":"GET","url":"/common/getTrashSubCategoriesByCatId/4","status":"304","responseTime":"15.879"}
{"method":"GET","url":"/common/getTrashSubCategoriesByCatId/1","status":"304","responseTime":"22.649"}
{"method":"GET","url":"/common/getTrashSubCategoriesByCatId/2","status":"304","responseTime":"20.169"}
{"method":"GET","url":"/common/getTrashSubCategoriesByCatId/5","status":"304","responseTime":"8.431"}
{"method":"GET","url":"/common/getAllTrashCategories","status":"304","responseTime":"7.722"}
{"method":"GET","url":"/common/getTrashSubCategoriesByCatId/4","status":"304","responseTime":"5.577"}
{"method":"GET","url":"/common/getTrashSubCategoriesByCatId/3","status":"304","responseTime":"20.435"}
{"method":"GET","url":"/common/getAllTrashCategories","status":"304","responseTime":"4.199"}
{"method":"GET","url":"/common/getTrashSubCategoriesByCatId/2","status":"304","responseTime":"19.878"}
{"method":"GET","url":"/common/getTrashSubCategoriesByCatId/3","status":"304","responseTime":"17.340"}
{"method":"GET","url":"/common/getTrashSubCategoriesByCatId/4","status":"304","responseTime":"15.050"}
{"method":"GET","url":"/common/getTrashSubCategoriesByCatId/5","status":"304","responseTime":"13.379"}
{"method":"GET","url":"/common/getAllTrashCategories","status":"304","responseTime":"10.861"}
{"method":"GET","url":"/common/getAllTrashCategories","status":"304","responseTime":"5.218"}
{"method":"GET","url":"/common/getAllTrashCategories","status":"304","responseTime":"5.086"}
{"method":"GET","url":"/common/getAllTrashCategories","status":"304","responseTime":"3.494"}
{"method":"GET","url":"/common/getTrashSubCategoriesByCatId/3","status":"304","responseTime":"13.039"}
{"method":"GET","url":"/common/getTrashSubCategoriesByCatId/4","status":"304","responseTime":"11.821"}
{"method":"GET","url":"/common/getTrashSubCategoriesByCatId/5","status":"304","responseTime":"9.518"}
{"method":"GET","url":"/common/getTrashSubCategoriesByCatId/4","status":"304","responseTime":"8.351"}
{"method":"GET","url":"/common/getTrashSubCategoriesByCatId/5","status":"304","responseTime":"5.887"}
{"method":"GET","url":"/common/getAllTrashCategories","status":"304","responseTime":"3.121"}
{"method":"GET","url":"/common/getAllTrashCategories","status":"304","responseTime":"5.022"}
{"method":"GET","url":"/common/getAllTrashCategories","status":"304","responseTime":"7.437"}
{"method":"GET","url":"/common/getTrashSubCategoriesByCatId/1","status":"304","responseTime":"9.785"}
{"method":"GET","url":"/supplier/showcart/3","status":"304","responseTime":"8.525"}
{"method":"GET","url":"/common/getAllTrashCategories","status":"304","responseTime":"10.225"}
{"method":"GET","url":"/common/getTrashSubCategoriesByCatId/1","status":"304","responseTime":"13.007"}
{"method":"GET","url":"/supplier/showcart/3","status":"304","responseTime":"6.036"}
{"method":"POST","url":"/supplier/addcart/2","status":"201","responseTime":"13.114"}
{"method":"GET","url":"/supplier/showcart/3","status":"200","responseTime":"5.640"}
{"method":"GET","url":"/supplier/pickup","status":"304","responseTime":"5.103"}
{"method":"GET","url":"/supplier/showcart/3","status":"304","responseTime":"4.332"}
{"method":"GET","url":"/supplier/pickup","status":"304","responseTime":"5.494"}
{"method":"GET","url":"/supplier/showcart/3","status":"304","responseTime":"4.856"}
{"method":"GET","url":"/supplier/pickup","status":"304","responseTime":"7.236"}
{"method":"GET","url":"/supplier/showcart/3","status":"304","responseTime":"5.205"}
{"method":"GET","url":"/supplier/pickup","status":"304","responseTime":"8.069"}
{"method":"GET","url":"/supplier/showcart/3","status":"304","responseTime":"5.381"}
{"method":"POST","url":"/consumer/signup","status":"200","responseTime":"3374.801"}
{"method":"POST","url":"/consumer/signin","status":"200","responseTime":"5.249"}
{"method":"POST","url":"/consumer/email","status":"200","responseTime":"2.241"}
{"method":"GET","url":"/common/getAllRecyclingCategories","status":"304","responseTime":"2.788"}
{"method":"GET","url":"/common/getAllRecyclingSubCategories","status":"304","responseTime":"4.648"}
{"method":"GET","url":"/common/getAllRecyclingCategories","status":"304","responseTime":"2.791"}
{"method":"GET","url":"/common/getAllRecyclingSubCategories","status":"304","responseTime":"4.475"}
{"method":"GET","url":"/common/getRecySubCategoriesByCatId/1","status":"304","responseTime":"5.366"}
{"method":"GET","url":"/common/getAllRecyclingCategories","status":"304","responseTime":"4.402"}
{"method":"GET","url":"/common/getAllRecyclingSubCategories","status":"304","responseTime":"2.879"}
{"method":"GET","url":"/common/getAllRecyclingSubCategories","status":"304","responseTime":"2.961"}
{"method":"GET","url":"/common/getAllRecyclingCategories","status":"304","responseTime":"6.772"}
{"method":"GET","url":"/common/getRecySubCategoriesByCatId/1","status":"304","responseTime":"2.659"}
{"method":"POST","url":"/consumer/signin","status":"200","responseTime":"8.204"}
{"method":"POST","url":"/consumer/email","status":"200","responseTime":"6.005"}
{"method":"GET","url":"/common/getAllRecyclingCategories","status":"304","responseTime":"6.540"}
{"method":"GET","url":"/common/getAllRecyclingSubCategories","status":"304","responseTime":"4.813"}
{"method":"GET","url":"/common/getAllRecyclingCategories","status":"304","responseTime":"10.935"}
{"method":"GET","url":"/common/getAllRecyclingSubCategories","status":"304","responseTime":"6.600"}
{"method":"GET","url":"/common/getRecySubCategoriesByCatId/1","status":"304","responseTime":"3.869"}
{"method":"GET","url":"/common/getAllRecyclingCategories","status":"304","responseTime":"16.589"}
{"method":"GET","url":"/common/getAllRecyclingSubCategories","status":"304","responseTime":"7.079"}
{"method":"GET","url":"/common/getAllRecyclingCategories","status":"304","responseTime":"5.672"}
{"method":"GET","url":"/common/getAllRecyclingSubCategories","status":"304","responseTime":"6.130"}
{"method":"GET","url":"/common/getRecySubCategoriesByCatId/1","status":"304","responseTime":"3.435"}
{"method":"GET","url":"/common/getRecySubCategoriesByCatId/2","status":"304","responseTime":"5.600"}
{"method":"GET","url":"/common/getRecySubCategoriesByCatId/2","status":"304","responseTime":"3.570"}
{"method":"GET","url":"/common/getRecySubCategoriesByCatId/1","status":"304","responseTime":"2.982"}
{"method":"GET","url":"/common/getAllRecyclingCategories","status":"304","responseTime":"17.973"}
{"method":"GET","url":"/common/getAllRecyclingSubCategories","status":"304","responseTime":"17.912"}
{"method":"GET","url":"/common/getAllRecyclingCategories","status":"304","responseTime":"6.176"}
{"method":"GET","url":"/common/getAllRecyclingSubCategories","status":"304","responseTime":"4.015"}
{"method":"GET","url":"/common/getRecySubCategoriesByCatId/2","status":"304","responseTime":"2.745"}
{"method":"GET","url":"/common/getRecySubCategoriesByCatId/1","status":"304","responseTime":"2.596"}
{"method":"GET","url":"/common/getRecySubCategoriesByCatId/2","status":"304","responseTime":"2.801"}
{"method":"GET","url":"/common/getRecySubCategoriesByCatId/3","status":"304","responseTime":"4.225"}
{"method":"GET","url":"/common/getRecySubCategoriesByCatId/2","status":"304","responseTime":"3.658"}
{"method":"GET","url":"/common/getRecySubCategoriesByCatId/3","status":"304","responseTime":"3.418"}
{"method":"GET","url":"/common/getRecySubCategoriesByCatId/4","status":"304","responseTime":"4.962"}
{"method":"GET","url":"/common/getRecySubCategoriesByCatId/3","status":"304","responseTime":"3.320"}
{"method":"GET","url":"/common/getRecySubCategoriesByCatId/4","status":"304","responseTime":"3.237"}
{"method":"GET","url":"/common/getRecySubCategoriesByCatId/5","status":"304","responseTime":"3.092"}
{"method":"GET","url":"/common/getAllRecyclingCategories","status":"304","responseTime":"6.006"}
{"method":"GET","url":"/common/getAllRecyclingSubCategories","status":"304","responseTime":"4.368"}
{"method":"GET","url":"/common/getAllRecyclingCategories","status":"304","responseTime":"7.465"}
{"method":"GET","url":"/common/getAllRecyclingSubCategories","status":"304","responseTime":"6.992"}
{"method":"GET","url":"/common/getRecySubCategoriesByCatId/4","status":"304","responseTime":"4.976"}
{"method":"GET","url":"/common/getAllRecyclingCategories","status":"304","responseTime":"5.408"}
{"method":"GET","url":"/common/getAllRecyclingCategories","status":"304","responseTime":"2.548"}
{"method":"GET","url":"/consumer/showcart/4","status":"404","responseTime":"9.214"}
{"method":"GET","url":"/consumer/showcart/4","status":"404","responseTime":"3.624"}
{"method":"GET","url":"/common/getRecySubCategoriesByCatId/1","status":"304","responseTime":"6.177"}
{"method":"POST","url":"/consumer/addcart/1","status":"201","responseTime":"8.522"}
{"method":"GET","url":"/consumer/showcart/4","status":"200","responseTime":"3.744"}
{"method":"GET","url":"/consumer/delivery","status":"304","responseTime":"7.735"}
{"method":"GET","url":"/consumer/showcart/4","status":"304","responseTime":"9.712"}
{"method":"GET","url":"/consumer/delivery","status":"304","responseTime":"5.358"}
{"method":"GET","url":"/consumer/showcart/4","status":"304","responseTime":"4.361"}
{"method":"GET","url":"/common/getAllRecyclingCategories","status":"304","responseTime":"2.276"}
{"method":"GET","url":"/consumer/showcart/4","status":"304","responseTime":"2.264"}
{"method":"GET","url":"/common/getAllRecyclingCategories","status":"304","responseTime":"8.291"}
{"method":"GET","url":"/consumer/showcart/4","status":"304","responseTime":"8.037"}
{"method":"GET","url":"/common/getAllRecyclingCategories","status":"304","responseTime":"2.696"}
{"method":"GET","url":"/common/getAllRecyclingCategories","status":"304","responseTime":"10.384"}
{"method":"GET","url":"/common/getAllRecyclingSubCategories","status":"304","responseTime":"9.152"}
{"method":"GET","url":"/common/getAllRecyclingSubCategories","status":"304","responseTime":"4.913"}
{"method":"GET","url":"/consumer/getConsumerById/4","status":"304","responseTime":"3.653"}
{"method":"GET","url":"/consumer/getConsumerById/4","status":"304","responseTime":"3.270"}
{"method":"GET","url":"/common/getAllRecyclingCategories","status":"304","responseTime":"5.319"}
{"method":"GET","url":"/common/getAllRecyclingSubCategories","status":"304","responseTime":"4.285"}
{"method":"GET","url":"/common/getAllRecyclingCategories","status":"304","responseTime":"7.939"}
{"method":"GET","url":"/common/getAllRecyclingSubCategories","status":"304","responseTime":"4.404"}
{"method":"GET","url":"/common/getAllRecyclingCategories","status":"304","responseTime":"5.652"}
{"method":"GET","url":"/consumer/showcart/4","status":"304","responseTime":"3.482"}
{"method":"GET","url":"/common/getAllRecyclingCategories","status":"304","responseTime":"9.551"}
{"method":"GET","url":"/consumer/showcart/4","status":"304","responseTime":"7.154"}
{"method":"GET","url":"/consumer/showcart/4","status":"304","responseTime":"8.056"}
{"method":"GET","url":"/consumer/delivery","status":"304","responseTime":"6.024"}
{"method":"GET","url":"/consumer/showcart/4","status":"304","responseTime":"6.043"}
{"method":"GET","url":"/consumer/delivery","status":"304","responseTime":"5.782"}
{"method":"POST","url":"/consumer/placeorder","status":"200","responseTime":"60.161"}
{"method":"GET","url":"/consumer/delivery","status":"304","responseTime":"6.412"}
{"method":"GET","url":"/consumer/showcart/4","status":"404","responseTime":"8.296"}
{"method":"GET","url":"/consumer/delivery","status":"304","responseTime":"4.323"}
{"method":"GET","url":"/consumer/showcart/4","status":"404","responseTime":"5.201"}
{"method":"GET","url":"/consumer/showcart/4","status":"404","responseTime":"5.975"}
{"method":"GET","url":"/common/getAllRecyclingCategories","status":"304","responseTime":"4.509"}
{"method":"GET","url":"/consumer/showcart/4","status":"404","responseTime":"6.038"}
{"method":"GET","url":"/common/getAllRecyclingCategories","status":"304","responseTime":"4.943"}
{"method":"GET","url":"/common/getAllRecyclingCategories","status":"304","responseTime":"3.396"}
{"method":"GET","url":"/common/getAllRecyclingSubCategories","status":"304","responseTime":"8.470"}
{"method":"GET","url":"/common/getAllRecyclingCategories","status":"304","responseTime":"6.902"}
{"method":"GET","url":"/common/getAllRecyclingSubCategories","status":"304","responseTime":"3.515"}
{"method":"GET","url":"/common/getAllRecyclingCategories","status":"304","responseTime":"6.098"}
{"method":"GET","url":"/common/getAllRecyclingSubCategories","status":"304","responseTime":"4.869"}
{"method":"GET","url":"/common/getAllRecyclingCategories","status":"304","responseTime":"6.501"}
{"method":"GET","url":"/common/getAllRecyclingSubCategories","status":"304","responseTime":"3.165"}
{"method":"POST","url":"/supplier/signin","status":"200","responseTime":"102.729"}
{"method":"POST","url":"/supplier/mobile","status":"200","responseTime":"9.654"}
{"method":"GET","url":"/common/getAllTrashCategories","status":"200","responseTime":"3.836"}
{"method":"GET","url":"/common/getAllTrashCategories","status":"304","responseTime":"3.859"}
{"method":"GET","url":"/common/getTrashSubCategoriesByCatId/1","status":"200","responseTime":"15.484"}
{"method":"GET","url":"/common/getTrashSubCategoriesByCatId/1","status":"304","responseTime":"3.729"}
{"method":"GET","url":"/common/getAllTrashCategories","status":"304","responseTime":"6.157"}
{"method":"GET","url":"/common/getTrashSubCategoriesByCatId/3","status":"200","responseTime":"26.730"}
{"method":"GET","url":"/common/getTrashSubCategoriesByCatId/4","status":"200","responseTime":"34.565"}
{"method":"GET","url":"/common/getTrashSubCategoriesByCatId/2","status":"200","responseTime":"33.630"}
{"method":"GET","url":"/common/getTrashSubCategoriesByCatId/5","status":"200","responseTime":"37.518"}
{"method":"GET","url":"/common/getAllTrashCategories","status":"304","responseTime":"14.000"}
{"method":"GET","url":"/common/getTrashSubCategoriesByCatId/4","status":"304","responseTime":"11.148"}
{"method":"GET","url":"/common/getTrashSubCategoriesByCatId/3","status":"304","responseTime":"12.493"}
{"method":"GET","url":"/common/getTrashSubCategoriesByCatId/2","status":"304","responseTime":"9.457"}
{"method":"GET","url":"/common/getTrashSubCategoriesByCatId/5","status":"304","responseTime":"17.802"}
{"method":"GET","url":"/common/getTrashSubCategoriesByCatId/4","status":"304","responseTime":"15.104"}
{"method":"GET","url":"/common/getAllTrashCategories","status":"304","responseTime":"25.458"}
{"method":"GET","url":"/common/getTrashSubCategoriesByCatId/3","status":"304","responseTime":"11.617"}
{"method":"GET","url":"/common/getTrashSubCategoriesByCatId/2","status":"304","responseTime":"21.400"}
{"method":"GET","url":"/common/getTrashSubCategoriesByCatId/4","status":"304","responseTime":"5.832"}
{"method":"GET","url":"/common/getTrashSubCategoriesByCatId/5","status":"304","responseTime":"13.788"}
{"method":"GET","url":"/common/getAllTrashCategories","status":"304","responseTime":"5.502"}
{"method":"GET","url":"/common/getTrashSubCategoriesByCatId/3","status":"304","responseTime":"12.805"}
{"method":"GET","url":"/common/getTrashSubCategoriesByCatId/2","status":"304","responseTime":"1.931"}
{"method":"GET","url":"/common/getTrashSubCategoriesByCatId/5","status":"304","responseTime":"3.921"}
{"method":"GET","url":"/common/getAllTrashCategories","status":"304","responseTime":"2.812"}
{"method":"GET","url":"/common/getTrashSubCategoriesByCatId/2","status":"304","responseTime":"4.083"}
{"method":"GET","url":"/common/getTrashSubCategoriesByCatId/5","status":"304","responseTime":"4.540"}
{"method":"GET","url":"/common/getAllTrashCategories","status":"304","responseTime":"3.372"}
{"method":"GET","url":"/common/getAllTrashCategories","status":"304","responseTime":"47.387"}
{"method":"GET","url":"/common/getAllTrashCategories","status":"304","responseTime":"3.517"}
{"method":"GET","url":"/common/getTrashSubCategoriesByCatId/5","status":"304","responseTime":"22.067"}
{"method":"GET","url":"/common/getAllTrashCategories","status":"304","responseTime":"2.805"}
{"method":"GET","url":"/common/getAllTrashCategories","status":"304","responseTime":"2.543"}
{"method":"GET","url":"/common/getAllTrashCategories","status":"304","responseTime":"2.580"}
{"method":"GET","url":"/common/getAllTrashCategories","status":"304","responseTime":"2.505"}
{"method":"GET","url":"/common/getAllTrashCategories","status":"304","responseTime":"6.390"}
{"method":"GET","url":"/common/getTrashSubCategoriesByCatId/1","status":"304","responseTime":"7.097"}
{"method":"GET","url":"/common/getAllTrashCategories","status":"304","responseTime":"3.334"}
{"method":"GET","url":"/common/getTrashSubCategoriesByCatId/1","status":"304","responseTime":"2.976"}
{"method":"GET","url":"/supplier/showcart/3","status":"200","responseTime":"16.423"}
{"method":"GET","url":"/supplier/showcart/3","status":"304","responseTime":"2.522"}
{"method":"GET","url":"/common/getAllTrashCategories","status":"304","responseTime":"3.373"}
{"method":"GET","url":"/common/getAllTrashCategories","status":"304","responseTime":"2.941"}
{"method":"GET","url":"/common/getTrashSubCategoriesByCatId/2","status":"304","responseTime":"7.790"}
{"method":"GET","url":"/common/getTrashSubCategoriesByCatId/1","status":"304","responseTime":"11.472"}
{"method":"GET","url":"/common/getTrashSubCategoriesByCatId/3","status":"304","responseTime":"7.364"}
{"method":"GET","url":"/common/getTrashSubCategoriesByCatId/3","status":"304","responseTime":"10.029"}
{"method":"GET","url":"/common/getTrashSubCategoriesByCatId/1","status":"304","responseTime":"9.783"}
{"method":"GET","url":"/common/getTrashSubCategoriesByCatId/2","status":"304","responseTime":"16.287"}
{"method":"GET","url":"/common/getTrashSubCategoriesByCatId/4","status":"304","responseTime":"29.608"}
{"method":"GET","url":"/common/getTrashSubCategoriesByCatId/5","status":"304","responseTime":"30.385"}
{"method":"GET","url":"/common/getTrashSubCategoriesByCatId/4","status":"304","responseTime":"8.022"}
{"method":"GET","url":"/common/getAllTrashCategories","status":"304","responseTime":"22.195"}
{"method":"GET","url":"/common/getTrashSubCategoriesByCatId/5","status":"304","responseTime":"6.029"}
{"method":"GET","url":"/common/getAllTrashCategories","status":"304","responseTime":"2.739"}
{"method":"GET","url":"/common/getAllTrashCategories","status":"304","responseTime":"1.604"}
{"method":"GET","url":"/common/getAllTrashCategories","status":"304","responseTime":"1.714"}
{"method":"GET","url":"/common/getAllTrashCategories","status":"304","responseTime":"1.925"}
{"method":"GET","url":"/common/getAllTrashCategories","status":"304","responseTime":"1.445"}
{"method":"GET","url":"/common/getTrashSubCategoriesByCatId/5","status":"304","responseTime":"2.638"}
{"method":"GET","url":"/common/getTrashSubCategoriesByCatId/1","status":"304","responseTime":"8.150"}
{"method":"GET","url":"/common/getTrashSubCategoriesByCatId/4","status":"304","responseTime":"7.211"}
{"method":"GET","url":"/common/getTrashSubCategoriesByCatId/5","status":"304","responseTime":"5.073"}
{"method":"GET","url":"/common/getAllTrashCategories","status":"304","responseTime":"10.949"}
{"method":"GET","url":"/common/getTrashSubCategoriesByCatId/4","status":"304","responseTime":"3.946"}
{"method":"GET","url":"/common/getTrashSubCategoriesByCatId/5","status":"304","responseTime":"5.382"}
{"method":"GET","url":"/common/getAllTrashCategories","status":"304","responseTime":"4.459"}
{"method":"GET","url":"/common/getTrashSubCategoriesByCatId/4","status":"304","responseTime":"4.312"}
{"method":"GET","url":"/common/getTrashSubCategoriesByCatId/5","status":"304","responseTime":"4.882"}
{"method":"GET","url":"/common/getAllTrashCategories","status":"304","responseTime":"3.808"}
{"method":"GET","url":"/common/getTrashSubCategoriesByCatId/4","status":"304","responseTime":"2.986"}
{"method":"GET","url":"/common/getTrashSubCategoriesByCatId/5","status":"304","responseTime":"3.904"}
{"method":"GET","url":"/common/getAllTrashCategories","status":"304","responseTime":"3.444"}
{"method":"GET","url":"/common/getAllTrashCategories","status":"304","responseTime":"2.233"}
{"method":"GET","url":"/common/getAllTrashCategories","status":"304","responseTime":"2.448"}
{"method":"GET","url":"/common/getAllTrashCategories","status":"304","responseTime":"1.690"}
{"method":"GET","url":"/common/getAllTrashCategories","status":"304","responseTime":"3.402"}
{"method":"GET","url":"/common/getAllTrashCategories","status":"304","responseTime":"2.156"}
{"method":"GET","url":"/supplier/getSupplierById/3","status":"200","responseTime":"4.404"}
{"method":"GET","url":"/supplier/getSupplierById/3","status":"304","responseTime":"2.586"}
{"method":"GET","url":"/common/getAllTrashCategories","status":"304","responseTime":"1.820"}
{"method":"GET","url":"/common/getAllTrashCategories","status":"304","responseTime":"2.312"}
{"method":"GET","url":"/common/getTrashSubCategoriesByCatId/5","status":"304","responseTime":"1.659"}
{"method":"GET","url":"/common/getTrashSubCategoriesByCatId/1","status":"304","responseTime":"7.435"}
{"method":"GET","url":"/common/getTrashSubCategoriesByCatId/2","status":"304","responseTime":"5.994"}
{"method":"GET","url":"/common/getTrashSubCategoriesByCatId/3","status":"304","responseTime":"5.491"}
{"method":"GET","url":"/common/getTrashSubCategoriesByCatId/4","status":"304","responseTime":"5.193"}
{"method":"GET","url":"/common/getTrashSubCategoriesByCatId/2","status":"304","responseTime":"7.748"}
{"method":"GET","url":"/common/getTrashSubCategoriesByCatId/5","status":"304","responseTime":"12.978"}
{"method":"GET","url":"/common/getTrashSubCategoriesByCatId/1","status":"304","responseTime":"11.379"}
{"method":"GET","url":"/common/getAllTrashCategories","status":"304","responseTime":"4.933"}
{"method":"GET","url":"/common/getTrashSubCategoriesByCatId/3","status":"304","responseTime":"10.115"}
{"method":"GET","url":"/common/getTrashSubCategoriesByCatId/4","status":"304","responseTime":"9.530"}
{"method":"GET","url":"/common/getAllTrashCategories","status":"304","responseTime":"3.223"}
{"method":"GET","url":"/common/getTrashSubCategoriesByCatId/2","status":"304","responseTime":"9.772"}
{"method":"GET","url":"/common/getTrashSubCategoriesByCatId/3","status":"304","responseTime":"9.846"}
{"method":"GET","url":"/common/getAllTrashCategories","status":"304","responseTime":"6.319"}
{"method":"GET","url":"/common/getTrashSubCategoriesByCatId/4","status":"304","responseTime":"11.440"}
{"method":"GET","url":"/common/getAllTrashCategories","status":"304","responseTime":"3.242"}
{"method":"GET","url":"/common/getAllTrashCategories","status":"304","responseTime":"1.865"}
{"method":"GET","url":"/common/getAllTrashCategories","status":"304","responseTime":"1.894"}
{"method":"GET","url":"/common/getAllTrashCategories","status":"304","responseTime":"2.492"}
{"method":"GET","url":"/common/getAllTrashCategories","status":"304","responseTime":"1.843"}
{"method":"POST","url":"/supplier/signin","status":"200","responseTime":"27.522"}
{"method":"POST","url":"/supplier/mobile","status":"200","responseTime":"3.062"}
{"method":"GET","url":"/common/getAllTrashCategories","status":"304","responseTime":"2.434"}
{"method":"GET","url":"/common/getAllTrashCategories","status":"304","responseTime":"7.570"}
{"method":"GET","url":"/common/getTrashSubCategoriesByCatId/1","status":"304","responseTime":"16.199"}
{"method":"GET","url":"/common/getTrashSubCategoriesByCatId/4","status":"304","responseTime":"6.762"}
{"method":"GET","url":"/common/getTrashSubCategoriesByCatId/3","status":"304","responseTime":"8.954"}
{"method":"GET","url":"/common/getTrashSubCategoriesByCatId/5","status":"304","responseTime":"5.716"}
{"method":"GET","url":"/common/getTrashSubCategoriesByCatId/2","status":"304","responseTime":"19.344"}
{"method":"GET","url":"/common/getTrashSubCategoriesByCatId/1","status":"304","responseTime":"15.279"}
{"method":"GET","url":"/common/getTrashSubCategoriesByCatId/4","status":"304","responseTime":"10.410"}
{"method":"GET","url":"/common/getTrashSubCategoriesByCatId/5","status":"304","responseTime":"6.747"}
{"method":"GET","url":"/common/getAllTrashCategories","status":"304","responseTime":"6.127"}
{"method":"GET","url":"/common/getTrashSubCategoriesByCatId/2","status":"304","responseTime":"5.704"}
{"method":"GET","url":"/common/getTrashSubCategoriesByCatId/3","status":"304","responseTime":"17.748"}
{"method":"GET","url":"/common/getAllTrashCategories","status":"304","responseTime":"7.563"}
{"method":"GET","url":"/common/getTrashSubCategoriesByCatId/2","status":"304","responseTime":"10.982"}
{"method":"GET","url":"/common/getTrashSubCategoriesByCatId/4","status":"304","responseTime":"7.454"}
{"method":"GET","url":"/common/getTrashSubCategoriesByCatId/5","status":"304","responseTime":"6.380"}
{"method":"GET","url":"/common/getAllTrashCategories","status":"304","responseTime":"5.140"}
{"method":"GET","url":"/common/getTrashSubCategoriesByCatId/3","status":"304","responseTime":"12.533"}
{"method":"GET","url":"/common/getTrashSubCategoriesByCatId/2","status":"304","responseTime":"7.937"}
{"method":"GET","url":"/common/getTrashSubCategoriesByCatId/5","status":"304","responseTime":"7.016"}
{"method":"GET","url":"/common/getAllTrashCategories","status":"304","responseTime":"6.221"}
{"method":"GET","url":"/common/getAllTrashCategories","status":"304","responseTime":"1.939"}
{"method":"GET","url":"/common/getAllTrashCategories","status":"304","responseTime":"2.232"}
{"method":"GET","url":"/common/getAllTrashCategories","status":"304","responseTime":"2.692"}
{"method":"GET","url":"/common/getAllTrashCategories","status":"304","responseTime":"2.226"}
{"method":"GET","url":"/common/getAllTrashCategories","status":"304","responseTime":"2.194"}
{"method":"GET","url":"/common/getAllTrashCategories","status":"304","responseTime":"2.221"}
{"method":"GET","url":"/common/getAllTrashCategories","status":"304","responseTime":"1.672"}
{"method":"GET","url":"/common/getAllTrashCategories","status":"304","responseTime":"3.961"}
{"method":"GET","url":"/common/getAllTrashCategories","status":"304","responseTime":"1.982"}
{"method":"GET","url":"/common/getTrashSubCategoriesByCatId/1","status":"304","responseTime":"3.124"}
{"method":"GET","url":"/common/getTrashSubCategoriesByCatId/2","status":"304","responseTime":"3.821"}
{"method":"GET","url":"/common/getTrashSubCategoriesByCatId/3","status":"304","responseTime":"6.303"}
{"method":"GET","url":"/common/getTrashSubCategoriesByCatId/4","status":"304","responseTime":"6.329"}
{"method":"GET","url":"/common/getTrashSubCategoriesByCatId/5","status":"304","responseTime":"8.588"}
{"method":"GET","url":"/common/getTrashSubCategoriesByCatId/1","status":"304","responseTime":"8.570"}
{"method":"GET","url":"/common/getAllTrashCategories","status":"304","responseTime":"13.972"}
{"method":"GET","url":"/common/getTrashSubCategoriesByCatId/3","status":"304","responseTime":"11.457"}
{"method":"GET","url":"/common/getTrashSubCategoriesByCatId/2","status":"304","responseTime":"22.485"}
{"method":"GET","url":"/common/getTrashSubCategoriesByCatId/4","status":"304","responseTime":"10.493"}
{"method":"GET","url":"/common/getTrashSubCategoriesByCatId/5","status":"304","responseTime":"9.685"}
{"method":"GET","url":"/common/getAllTrashCategories","status":"304","responseTime":"9.774"}
{"method":"GET","url":"/common/getTrashSubCategoriesByCatId/2","status":"304","responseTime":"8.213"}
{"method":"GET","url":"/common/getTrashSubCategoriesByCatId/3","status":"304","responseTime":"7.495"}
{"method":"GET","url":"/common/getTrashSubCategoriesByCatId/4","status":"304","responseTime":"6.408"}
{"method":"GET","url":"/common/getTrashSubCategoriesByCatId/5","status":"304","responseTime":"7.186"}
{"method":"GET","url":"/common/getAllTrashCategories","status":"304","responseTime":"6.877"}
{"method":"GET","url":"/common/getTrashSubCategoriesByCatId/4","status":"304","responseTime":"5.947"}
{"method":"GET","url":"/common/getTrashSubCategoriesByCatId/3","status":"304","responseTime":"7.354"}
{"method":"GET","url":"/common/getAllTrashCategories","status":"304","responseTime":"3.749"}
{"method":"GET","url":"/common/getTrashSubCategoriesByCatId/5","status":"304","responseTime":"9.215"}
{"method":"GET","url":"/common/getTrashSubCategoriesByCatId/4","status":"304","responseTime":"3.093"}
{"method":"GET","url":"/common/getAllTrashCategories","status":"304","responseTime":"3.934"}
{"method":"GET","url":"/common/getTrashSubCategoriesByCatId/5","status":"304","responseTime":"2.958"}
{"method":"GET","url":"/common/getTrashSubCategoriesByCatId/5","status":"304","responseTime":"2.002"}
{"method":"GET","url":"/common/getAllTrashCategories","status":"304","responseTime":"3.645"}
{"method":"GET","url":"/common/getAllTrashCategories","status":"304","responseTime":"2.003"}
{"method":"GET","url":"/common/getAllTrashCategories","status":"304","responseTime":"1.716"}
{"method":"GET","url":"/common/getAllTrashCategories","status":"304","responseTime":"2.130"}
{"method":"GET","url":"/common/getAllTrashCategories","status":"304","responseTime":"1.628"}
{"method":"GET","url":"/common/getAllTrashCategories","status":"304","responseTime":"1.989"}
{"method":"GET","url":"/common/getAllTrashCategories","status":"304","responseTime":"2.021"}
{"method":"GET","url":"/common/getAllTrashCategories","status":"304","responseTime":"1.940"}
{"method":"GET","url":"/common/getAllTrashCategories","status":"304","responseTime":"2.332"}
{"method":"GET","url":"/common/getAllTrashCategories","status":"304","responseTime":"1.537"}
{"method":"POST","url":"/supplier/signin","status":"200","responseTime":"128.068"}
{"method":"POST","url":"/supplier/mobile","status":"200","responseTime":"14.024"}
{"method":"GET","url":"/common/getAllTrashCategories","status":"304","responseTime":"7.193"}
{"method":"GET","url":"/common/getAllTrashCategories","status":"304","responseTime":"6.336"}
{"method":"GET","url":"/common/getTrashSubCategoriesByCatId/1","status":"304","responseTime":"37.136"}
{"method":"GET","url":"/common/getTrashSubCategoriesByCatId/1","status":"304","responseTime":"6.297"}
{"method":"GET","url":"/common/getAllTrashCategories","status":"304","responseTime":"11.495"}
{"method":"GET","url":"/common/getTrashSubCategoriesByCatId/2","status":"304","responseTime":"62.675"}
{"method":"GET","url":"/common/getTrashSubCategoriesByCatId/3","status":"304","responseTime":"57.855"}
{"method":"GET","url":"/common/getTrashSubCategoriesByCatId/4","status":"304","responseTime":"53.502"}
{"method":"GET","url":"/common/getTrashSubCategoriesByCatId/5","status":"304","responseTime":"51.785"}
{"method":"GET","url":"/common/getTrashSubCategoriesByCatId/3","status":"304","responseTime":"10.142"}
{"method":"GET","url":"/common/getAllTrashCategories","status":"304","responseTime":"23.067"}
{"method":"GET","url":"/common/getTrashSubCategoriesByCatId/2","status":"304","responseTime":"21.574"}
{"method":"GET","url":"/common/getTrashSubCategoriesByCatId/4","status":"304","responseTime":"16.092"}
{"method":"GET","url":"/common/getTrashSubCategoriesByCatId/5","status":"304","responseTime":"17.194"}
{"method":"GET","url":"/common/getTrashSubCategoriesByCatId/2","status":"304","responseTime":"19.156"}
{"method":"GET","url":"/common/getTrashSubCategoriesByCatId/4","status":"304","responseTime":"17.710"}
{"method":"GET","url":"/common/getAllTrashCategories","status":"304","responseTime":"12.251"}
{"method":"GET","url":"/common/getTrashSubCategoriesByCatId/3","status":"304","responseTime":"30.625"}
{"method":"GET","url":"/common/getTrashSubCategoriesByCatId/5","status":"304","responseTime":"27.599"}
{"method":"GET","url":"/common/getAllTrashCategories","status":"304","responseTime":"17.532"}
{"method":"GET","url":"/common/getTrashSubCategoriesByCatId/3","status":"304","responseTime":"6.086"}
{"method":"GET","url":"/common/getTrashSubCategoriesByCatId/2","status":"304","responseTime":"15.837"}
{"method":"GET","url":"/common/getTrashSubCategoriesByCatId/4","status":"304","responseTime":"13.353"}
{"method":"GET","url":"/common/getTrashSubCategoriesByCatId/5","status":"304","responseTime":"5.524"}
{"method":"GET","url":"/common/getAllTrashCategories","status":"304","responseTime":"7.965"}
{"method":"GET","url":"/common/getTrashSubCategoriesByCatId/4","status":"304","responseTime":"7.159"}
{"method":"GET","url":"/common/getTrashSubCategoriesByCatId/5","status":"304","responseTime":"7.880"}
{"method":"GET","url":"/common/getAllTrashCategories","status":"304","responseTime":"4.973"}
{"method":"GET","url":"/common/getTrashSubCategoriesByCatId/5","status":"304","responseTime":"2.753"}
{"method":"GET","url":"/common/getAllTrashCategories","status":"304","responseTime":"2.899"}
{"method":"GET","url":"/common/getAllTrashCategories","status":"304","responseTime":"3.161"}
{"method":"POST","url":"/common/findServiceByPincode","status":"200","responseTime":"10.154"}
{"method":"GET","url":"/common/getAllTrashCategories","status":"304","responseTime":"9.303"}
{"method":"GET","url":"/common/getTrashSubCategoriesByCatId/1","status":"304","responseTime":"12.436"}
{"method":"GET","url":"/supplier/showcart/3","status":"304","responseTime":"11.801"}
{"method":"GET","url":"/common/getAllTrashCategories","status":"304","responseTime":"7.731"}
{"method":"GET","url":"/supplier/showcart/3","status":"304","responseTime":"3.988"}
{"method":"GET","url":"/common/getTrashSubCategoriesByCatId/1","status":"304","responseTime":"7.633"}
{"method":"GET","url":"/common/getTrashSubCategoriesByCatId/2","status":"304","responseTime":"4.009"}
{"method":"POST","url":"/supplier/addcart/5","status":"201","responseTime":"14.837"}
{"method":"GET","url":"/supplier/showcart/3","status":"200","responseTime":"3.560"}
{"method":"GET","url":"/supplier/showcart/3","status":"304","responseTime":"5.110"}
{"method":"GET","url":"/supplier/pickup","status":"200","responseTime":"10.361"}
{"method":"GET","url":"/supplier/showcart/3","status":"304","responseTime":"6.770"}
{"method":"GET","url":"/supplier/pickup","status":"304","responseTime":"4.110"}
{"method":"POST","url":"/consumer/signup","status":"200","responseTime":"3615.012"}
{"method":"POST","url":"/consumer/verifyEmail","status":"400","responseTime":"28.755"}
{"method":"POST","url":"/consumer/verifyEmail","status":"400","responseTime":"6.775"}
{"method":"POST","url":"/consumer/signin","status":"200","responseTime":"5.907"}
{"method":"POST","url":"/consumer/email","status":"200","responseTime":"7.953"}
{"method":"GET","url":"/common/getAllRecyclingCategories","status":"200","responseTime":"6.617"}
{"method":"GET","url":"/common/getAllRecyclingSubCategories","status":"200","responseTime":"5.705"}
{"method":"GET","url":"/common/getAllRecyclingCategories","status":"304","responseTime":"7.760"}
{"method":"GET","url":"/common/getAllRecyclingSubCategories","status":"304","responseTime":"5.406"}
{"method":"GET","url":"/common/getRecySubCategoriesByCatId/1","status":"200","responseTime":"6.883"}
{"method":"GET","url":"/common/getRecySubCategoriesByCatId/2","status":"200","responseTime":"5.432"}
{"method":"GET","url":"/common/getRecySubCategoriesByCatId/3","status":"200","responseTime":"4.915"}
{"method":"GET","url":"/common/getAllRecyclingCategories","status":"304","responseTime":"7.152"}
{"method":"GET","url":"/consumer/showcart/4","status":"404","responseTime":"9.369"}
{"method":"GET","url":"/common/getAllRecyclingCategories","status":"304","responseTime":"5.873"}
{"method":"GET","url":"/consumer/showcart/4","status":"404","responseTime":"3.916"}
{"method":"GET","url":"/common/getAllRecyclingCategories","status":"304","responseTime":"7.229"}
{"method":"GET","url":"/common/getAllRecyclingSubCategories","status":"304","responseTime":"6.636"}
{"method":"GET","url":"/common/getAllRecyclingCategories","status":"304","responseTime":"5.302"}
{"method":"GET","url":"/common/getAllRecyclingSubCategories","status":"304","responseTime":"4.593"}
{"method":"GET","url":"/consumer/getConsumerById/4","status":"200","responseTime":"5.525"}
{"method":"GET","url":"/consumer/getConsumerById/4","status":"304","responseTime":"3.988"}
{"method":"GET","url":"/common/getAllRecyclingCategories","status":"304","responseTime":"9.048"}
{"method":"GET","url":"/common/getAllRecyclingSubCategories","status":"304","responseTime":"6.341"}
{"method":"GET","url":"/common/getAllRecyclingCategories","status":"304","responseTime":"8.173"}
{"method":"GET","url":"/common/getAllRecyclingSubCategories","status":"304","responseTime":"6.774"}
{"method":"GET","url":"/common/getAllRecyclingCategories","status":"304","responseTime":"7.609"}
{"method":"GET","url":"/consumer/showcart/4","status":"404","responseTime":"5.194"}
{"method":"GET","url":"/common/getAllRecyclingCategories","status":"304","responseTime":"6.596"}
{"method":"GET","url":"/consumer/showcart/4","status":"404","responseTime":"5.752"}
{"method":"GET","url":"/common/getRecySubCategoriesByCatId/1","status":"304","responseTime":"3.520"}
{"method":"POST","url":"/consumer/addcart/1","status":"201","responseTime":"5.971"}
{"method":"GET","url":"/consumer/showcart/4","status":"200","responseTime":"2.970"}
{"method":"GET","url":"/consumer/showcart/4","status":"404","responseTime":"3.590"}
{"method":"GET","url":"/consumer/delivery","status":"200","responseTime":"10.221"}
{"method":"GET","url":"/consumer/showcart/4","status":"200","responseTime":"6.809"}
{"method":"GET","url":"/consumer/delivery","status":"304","responseTime":"6.291"}
{"method":"POST","url":"/consumer/placeorder","status":"200","responseTime":"1548.545"}
{"method":"POST","url":"/consumer/placeorder","status":"200","responseTime":"161.026"}
{"method":"GET","url":"/consumer/delivery","status":"304","responseTime":"5.502"}
{"method":"GET","url":"/consumer/showcart/4","status":"404","responseTime":"4.925"}
{"method":"GET","url":"/consumer/delivery","status":"304","responseTime":"7.202"}
{"method":"GET","url":"/consumer/showcart/4","status":"404","responseTime":"5.655"}
{"method":"GET","url":"/consumer/showcart/4","status":"404","responseTime":"5.579"}
{"method":"GET","url":"/common/getAllRecyclingCategories","status":"304","responseTime":"5.205"}
{"method":"GET","url":"/consumer/showcart/4","status":"404","responseTime":"4.844"}
{"method":"GET","url":"/common/getAllRecyclingCategories","status":"304","responseTime":"3.456"}
{"method":"POST","url":"/supplier/signin","status":"200","responseTime":"173.291"}
{"method":"POST","url":"/supplier/mobile","status":"200","responseTime":"14.027"}
{"method":"GET","url":"/common/getAllTrashCategories","status":"304","responseTime":"21.244"}
{"method":"GET","url":"/common/getAllTrashCategories","status":"304","responseTime":"7.033"}
{"method":"GET","url":"/common/getTrashSubCategoriesByCatId/1","status":"304","responseTime":"39.186"}
{"method":"GET","url":"/common/getTrashSubCategoriesByCatId/1","status":"304","responseTime":"6.342"}
{"method":"GET","url":"/common/getTrashSubCategoriesByCatId/2","status":"304","responseTime":"58.087"}
{"method":"GET","url":"/common/getAllTrashCategories","status":"304","responseTime":"11.341"}
{"method":"GET","url":"/common/getTrashSubCategoriesByCatId/3","status":"304","responseTime":"57.753"}
{"method":"GET","url":"/common/getTrashSubCategoriesByCatId/4","status":"304","responseTime":"60.548"}
{"method":"GET","url":"/common/getTrashSubCategoriesByCatId/5","status":"304","responseTime":"59.003"}
{"method":"GET","url":"/common/getTrashSubCategoriesByCatId/2","status":"304","responseTime":"29.809"}
{"method":"GET","url":"/common/getAllTrashCategories","status":"304","responseTime":"31.133"}
{"method":"GET","url":"/common/getTrashSubCategoriesByCatId/4","status":"304","responseTime":"18.422"}
{"method":"GET","url":"/common/getTrashSubCategoriesByCatId/3","status":"304","responseTime":"35.696"}
{"method":"GET","url":"/common/getTrashSubCategoriesByCatId/5","status":"304","responseTime":"31.259"}
{"method":"GET","url":"/common/getTrashSubCategoriesByCatId/2","status":"304","responseTime":"26.569"}
{"method":"GET","url":"/common/getTrashSubCategoriesByCatId/3","status":"304","responseTime":"7.286"}
{"method":"GET","url":"/common/getTrashSubCategoriesByCatId/4","status":"304","responseTime":"15.711"}
{"method":"GET","url":"/common/getAllTrashCategories","status":"304","responseTime":"13.311"}
{"method":"GET","url":"/common/getTrashSubCategoriesByCatId/5","status":"304","responseTime":"8.256"}
{"method":"GET","url":"/common/getAllTrashCategories","status":"304","responseTime":"2.832"}
{"method":"GET","url":"/common/getTrashSubCategoriesByCatId/2","status":"304","responseTime":"11.467"}
{"method":"GET","url":"/common/getTrashSubCategoriesByCatId/3","status":"304","responseTime":"12.252"}
{"method":"GET","url":"/common/getTrashSubCategoriesByCatId/4","status":"304","responseTime":"10.795"}
{"method":"GET","url":"/common/getAllTrashCategories","status":"304","responseTime":"5.553"}
{"method":"GET","url":"/common/getTrashSubCategoriesByCatId/5","status":"304","responseTime":"13.641"}
{"method":"GET","url":"/common/getTrashSubCategoriesByCatId/4","status":"304","responseTime":"7.301"}
{"method":"GET","url":"/common/getTrashSubCategoriesByCatId/3","status":"304","responseTime":"13.683"}
{"method":"GET","url":"/common/getAllTrashCategories","status":"304","responseTime":"5.376"}
{"method":"GET","url":"/common/getTrashSubCategoriesByCatId/5","status":"304","responseTime":"6.426"}
{"method":"GET","url":"/common/getAllTrashCategories","status":"304","responseTime":"3.055"}
{"method":"GET","url":"/common/getAllTrashCategories","status":"304","responseTime":"3.193"}
{"method":"GET","url":"/common/getAllTrashCategories","status":"304","responseTime":"3.486"}
{"method":"GET","url":"/common/getAllTrashCategories","status":"304","responseTime":"3.211"}
{"method":"GET","url":"/common/getAllTrashCategories","status":"304","responseTime":"3.772"}
{"method":"POST","url":"/supplier/signin","status":"200","responseTime":"5.785"}
{"method":"POST","url":"/supplier/mobile","status":"200","responseTime":"4.550"}
{"method":"GET","url":"/common/getAllTrashCategories","status":"304","responseTime":"2.460"}
{"method":"GET","url":"/common/getAllTrashCategories","status":"304","responseTime":"3.971"}
{"method":"GET","url":"/common/getTrashSubCategoriesByCatId/3","status":"304","responseTime":"12.865"}
{"method":"GET","url":"/common/getTrashSubCategoriesByCatId/2","status":"304","responseTime":"10.624"}
{"method":"GET","url":"/common/getTrashSubCategoriesByCatId/4","status":"304","responseTime":"9.627"}
{"method":"GET","url":"/common/getTrashSubCategoriesByCatId/1","status":"304","responseTime":"20.424"}
{"method":"GET","url":"/common/getTrashSubCategoriesByCatId/5","status":"304","responseTime":"15.407"}
{"method":"GET","url":"/common/getTrashSubCategoriesByCatId/3","status":"304","responseTime":"13.409"}
{"method":"GET","url":"/common/getTrashSubCategoriesByCatId/4","status":"304","responseTime":"13.989"}
{"method":"GET","url":"/common/getTrashSubCategoriesByCatId/1","status":"304","responseTime":"12.083"}
{"method":"GET","url":"/common/getTrashSubCategoriesByCatId/2","status":"304","responseTime":"20.961"}
{"method":"GET","url":"/common/getTrashSubCategoriesByCatId/5","status":"304","responseTime":"11.905"}
{"method":"GET","url":"/common/getAllTrashCategories","status":"304","responseTime":"10.890"}
{"method":"GET","url":"/common/getAllTrashCategories","status":"304","responseTime":"3.863"}
{"method":"GET","url":"/common/getAllTrashCategories","status":"304","responseTime":"11.625"}
{"method":"GET","url":"/common/getTrashSubCategoriesByCatId/2","status":"304","responseTime":"9.914"}
{"method":"GET","url":"/common/getTrashSubCategoriesByCatId/4","status":"304","responseTime":"8.868"}
{"method":"GET","url":"/common/getTrashSubCategoriesByCatId/5","status":"304","responseTime":"7.514"}
{"method":"GET","url":"/common/getTrashSubCategoriesByCatId/1","status":"304","responseTime":"19.923"}
{"method":"GET","url":"/common/getAllTrashCategories","status":"304","responseTime":"8.363"}
{"method":"GET","url":"/common/getTrashSubCategoriesByCatId/5","status":"304","responseTime":"7.126"}
{"method":"GET","url":"/common/getTrashSubCategoriesByCatId/1","status":"304","responseTime":"5.622"}
{"method":"GET","url":"/common/getAllTrashCategories","status":"304","responseTime":"3.051"}
{"method":"GET","url":"/common/getAllTrashCategories","status":"304","responseTime":"3.093"}
{"method":"GET","url":"/common/getAllTrashCategories","status":"304","responseTime":"2.376"}
{"method":"GET","url":"/common/getAllTrashCategories","status":"304","responseTime":"3.169"}
{"method":"GET","url":"/common/getAllTrashCategories","status":"304","responseTime":"3.251"}
{"method":"GET","url":"/common/getAllTrashCategories","status":"304","responseTime":"3.494"}
{"method":"GET","url":"/common/getAllTrashCategories","status":"304","responseTime":"12.846"}
{"method":"GET","url":"/common/getTrashSubCategoriesByCatId/1","status":"304","responseTime":"11.340"}
{"method":"GET","url":"/common/getAllTrashCategories","status":"304","responseTime":"5.355"}
{"method":"GET","url":"/common/getTrashSubCategoriesByCatId/1","status":"304","responseTime":"4.867"}
{"method":"GET","url":"/supplier/showcart/3","status":"304","responseTime":"21.530"}
{"method":"GET","url":"/supplier/showcart/3","status":"304","responseTime":"3.755"}
{"method":"GET","url":"/common/getAllTrashCategories","status":"304","responseTime":"2.296"}
{"method":"GET","url":"/common/getAllTrashCategories","status":"304","responseTime":"3.760"}
{"method":"GET","url":"/common/getTrashSubCategoriesByCatId/1","status":"304","responseTime":"15.983"}
{"method":"GET","url":"/common/getTrashSubCategoriesByCatId/2","status":"304","responseTime":"12.147"}
{"method":"GET","url":"/common/getTrashSubCategoriesByCatId/4","status":"304","responseTime":"11.615"}
{"method":"GET","url":"/common/getTrashSubCategoriesByCatId/3","status":"304","responseTime":"22.562"}
{"method":"GET","url":"/common/getTrashSubCategoriesByCatId/5","status":"304","responseTime":"15.235"}
{"method":"GET","url":"/common/getTrashSubCategoriesByCatId/1","status":"304","responseTime":"13.937"}
{"method":"GET","url":"/common/getAllTrashCategories","status":"304","responseTime":"13.264"}
{"method":"GET","url":"/common/getTrashSubCategoriesByCatId/4","status":"304","responseTime":"10.505"}
{"method":"GET","url":"/common/getTrashSubCategoriesByCatId/5","status":"304","responseTime":"7.914"}
{"method":"GET","url":"/common/getTrashSubCategoriesByCatId/2","status":"304","responseTime":"17.801"}
{"method":"GET","url":"/common/getTrashSubCategoriesByCatId/3","status":"304","responseTime":"14.815"}
{"method":"GET","url":"/common/getTrashSubCategoriesByCatId/4","status":"304","responseTime":"13.812"}
{"method":"GET","url":"/common/getAllTrashCategories","status":"304","responseTime":"21.028"}
{"method":"GET","url":"/common/getTrashSubCategoriesByCatId/5","status":"304","responseTime":"14.602"}
{"method":"GET","url":"/common/getTrashSubCategoriesByCatId/2","status":"304","responseTime":"12.330"}
{"method":"GET","url":"/common/getTrashSubCategoriesByCatId/3","status":"304","responseTime":"9.957"}
{"method":"GET","url":"/common/getAllTrashCategories","status":"304","responseTime":"11.312"}
{"method":"GET","url":"/common/getTrashSubCategoriesByCatId/3","status":"304","responseTime":"9.961"}
{"method":"GET","url":"/common/getTrashSubCategoriesByCatId/5","status":"304","responseTime":"5.829"}
{"method":"GET","url":"/common/getTrashSubCategoriesByCatId/4","status":"304","responseTime":"12.237"}
{"method":"GET","url":"/common/getAllTrashCategories","status":"304","responseTime":"8.347"}
{"method":"GET","url":"/common/getTrashSubCategoriesByCatId/5","status":"304","responseTime":"6.106"}
{"method":"GET","url":"/common/getAllTrashCategories","status":"304","responseTime":"3.793"}
{"method":"GET","url":"/common/getAllTrashCategories","status":"304","responseTime":"2.969"}
{"method":"GET","url":"/common/getAllTrashCategories","status":"304","responseTime":"3.385"}
{"method":"GET","url":"/common/getAllTrashCategories","status":"304","responseTime":"3.509"}
{"method":"GET","url":"/common/getAllTrashCategories","status":"304","responseTime":"3.908"}
{"method":"GET","url":"/common/getAllTrashCategories","status":"304","responseTime":"3.526"}
{"method":"GET","url":"/common/getAllTrashCategories","status":"304","responseTime":"3.208"}
{"method":"GET","url":"/common/getAllTrashCategories","status":"304","responseTime":"3.133"}
{"method":"GET","url":"/supplier/getSupplierById/3","status":"304","responseTime":"10.361"}
{"method":"GET","url":"/supplier/getSupplierById/3","status":"304","responseTime":"2.948"}
{"method":"GET","url":"/common/getAllTrashCategories","status":"304","responseTime":"2.673"}
{"method":"GET","url":"/common/getAllTrashCategories","status":"304","responseTime":"3.268"}
{"method":"GET","url":"/common/getTrashSubCategoriesByCatId/2","status":"304","responseTime":"16.164"}
{"method":"GET","url":"/common/getTrashSubCategoriesByCatId/3","status":"304","responseTime":"14.655"}
{"method":"GET","url":"/common/getTrashSubCategoriesByCatId/4","status":"304","responseTime":"12.919"}
{"method":"GET","url":"/common/getTrashSubCategoriesByCatId/5","status":"304","responseTime":"11.694"}
{"method":"GET","url":"/common/getTrashSubCategoriesByCatId/1","status":"304","responseTime":"9.706"}
{"method":"GET","url":"/common/getTrashSubCategoriesByCatId/2","status":"304","responseTime":"21.409"}
{"method":"GET","url":"/common/getTrashSubCategoriesByCatId/4","status":"304","responseTime":"18.390"}
{"method":"GET","url":"/common/getTrashSubCategoriesByCatId/3","status":"304","responseTime":"19.872"}
{"method":"GET","url":"/common/getTrashSubCategoriesByCatId/5","status":"304","responseTime":"16.718"}
{"method":"GET","url":"/common/getTrashSubCategoriesByCatId/1","status":"304","responseTime":"14.989"}
{"method":"GET","url":"/common/getAllTrashCategories","status":"304","responseTime":"17.900"}
{"method":"GET","url":"/common/getAllTrashCategories","status":"304","responseTime":"2.921"}
{"method":"GET","url":"/common/getTrashSubCategoriesByCatId/3","status":"304","responseTime":"13.090"}
{"method":"GET","url":"/common/getAllTrashCategories","status":"304","responseTime":"10.280"}
{"method":"GET","url":"/common/getTrashSubCategoriesByCatId/4","status":"304","responseTime":"12.179"}
{"method":"GET","url":"/common/getTrashSubCategoriesByCatId/5","status":"304","responseTime":"8.456"}
{"method":"GET","url":"/common/getTrashSubCategoriesByCatId/1","status":"304","responseTime":"21.838"}
{"method":"GET","url":"/common/getAllTrashCategories","status":"304","responseTime":"3.504"}
{"method":"GET","url":"/common/getAllTrashCategories","status":"304","responseTime":"3.058"}
{"method":"GET","url":"/common/getAllTrashCategories","status":"304","responseTime":"2.591"}
{"method":"GET","url":"/common/getAllTrashCategories","status":"304","responseTime":"3.436"}
{"method":"GET","url":"/common/getAllTrashCategories","status":"304","responseTime":"3.482"}
{"method":"POST","url":"/common/findServiceByPincode","status":"200","responseTime":"19.940"}
{"method":"GET","url":"/supplier/getSupplierById/3","status":"304","responseTime":"5.762"}
{"method":"GET","url":"/supplier/getSupplierById/3","status":"304","responseTime":"3.611"}
