{"method":"GET","url":"/supplier/showcart","status":"403","responseTime":"5.878"}
{"method":"POST","url":"/supplier/signin","status":"200","responseTime":"189.846"}
{"method":"GET","url":"/supplier/showcart","status":"200","responseTime":"113.131"}
{"method":"GET","url":"/getOTP","status":"403","responseTime":"14.707"}
{"method":"GET","url":"/favicon.ico","status":"403","responseTime":"1.108"}
{"method":"GET","url":"/supplier/getOTP","status":"403","responseTime":"1.294"}
{"method":"POST","url":"/supplier/signin","status":"500","responseTime":"666.806"}
{"method":"POST","url":"/supplier/signin","status":"500","responseTime":"11.545"}
{"method":"POST","url":"/supplier/signin","status":"401","responseTime":"197.720"}
{"method":"POST","url":"/supplier/signup","status":"500","responseTime":"152.029"}
{"method":"POST","url":"/supplier/signup","status":"500","responseTime":"8.023"}
{"method":"POST","url":"/supplier/signup","status":"500","responseTime":"7.253"}
{"method":"POST","url":"/supplier/signin","status":"200","responseTime":"20.163"}
{"method":"GET","url":"/supplier/getOTP","status":"403","responseTime":"0.441"}
{"method":"POST","url":"/supplier/getOTP","status":"403","responseTime":"4.209"}
{"method":"POST","url":"/supplier/getOTP","status":"403","responseTime":"0.356"}
{"method":"POST","url":"/supplier/getOTP","status":"201","responseTime":"3282.452"}
{"method":"POST","url":"/supplier/signup","status":"500","responseTime":"831.046"}
{"method":"POST","url":"/supplier/signin","status":"200","responseTime":"166.321"}
{"method":"POST","url":"/supplier/getOTP","status":"500","responseTime":"1379.363"}
{"method":"POST","url":"/supplier/getOTP","status":"201","responseTime":"3503.867"}
{"method":"POST","url":"/supplier/getOTP","status":"201","responseTime":"2384.233"}
{"method":"POST","url":"/supplier/getOTP","status":"201","responseTime":"3619.391"}
{"method":"POST","url":"/supplier/getOTP","status":"201","responseTime":"2627.423"}
{"method":"POST","url":"/consumer/signin","status":"401","responseTime":"1048.427"}
{"method":"OPTIONS","url":"/supplier/login","status":"403","responseTime":"8.682"}
{"method":"GET","url":"/supplier/login","status":"403","responseTime":"0.720"}
{"method":"GET","url":"/favicon.ico","status":"403","responseTime":"0.700"}
{"method":"POST","url":"/supplier/signup","status":"500","responseTime":"1387.317"}
{"method":"POST","url":"/supplier/signup","status":"500","responseTime":"6.829"}
{"method":"POST","url":"/supplier/signin","status":"200","responseTime":"68.921"}
{"method":"OPTIONS","url":"/supplier/login","status":"403","responseTime":"0.501"}
{"method":"OPTIONS","url":"/supplier/login","status":"403","responseTime":"0.498"}
{"method":"OPTIONS","url":"/supplier/login","status":"403","responseTime":"0.733"}
{"method":"OPTIONS","url":"/supplier/login","status":"403","responseTime":"0.333"}
{"method":"GET","url":"/supplier/login","status":"403","responseTime":"0.370"}
{"method":"GET","url":"/favicon.ico","status":"403","responseTime":"0.301"}
{"method":"OPTIONS","url":"/supplier/login","status":"403","responseTime":"0.709"}
{"method":"OPTIONS","url":"/supplier/login","status":"403","responseTime":"0.550"}
{"method":"OPTIONS","url":"/supplier/login","status":"403","responseTime":"36.493"}
{"method":"OPTIONS","url":"/supplier/login","status":"403","responseTime":"2.283"}
{"method":"GET","url":"/supplier/signin","status":"404","responseTime":"12.303"}
{"method":"OPTIONS","url":"/supplier/signin","status":"200","responseTime":"17.255"}
{"method":"POST","url":"/supplier/signin","status":"200","responseTime":"997.135"}
{"method":"POST","url":"/supplier/signin","status":"200","responseTime":"240.306"}
{"method":"GET","url":"/api/getAllTrashCategories","status":"403","responseTime":"2.224"}
{"method":"GET","url":"/favicon.ico","status":"403","responseTime":"0.410"}
{"method":"OPTIONS","url":"/supplier/signin","status":"200","responseTime":"2.654"}
{"method":"OPTIONS","url":"/supplier/signin","status":"200","responseTime":"0.923"}
{"method":"OPTIONS","url":"/supplier/signin","status":"200","responseTime":"0.663"}
{"method":"OPTIONS","url":"/supplier/signin","status":"200","responseTime":"0.697"}
{"method":"OPTIONS","url":"/supplier/signin","status":"200","responseTime":"0.394"}
{"method":"OPTIONS","url":"/supplier/signin","status":"200","responseTime":"0.698"}
{"method":"OPTIONS","url":"/supplier/signin","status":"200","responseTime":"0.798"}
{"method":"OPTIONS","url":"/supplier/signin","status":"200","responseTime":"0.404"}
{"method":"OPTIONS","url":"/supplier/signin","status":"200","responseTime":"0.400"}
{"method":"OPTIONS","url":"/supplier/signin","status":"200","responseTime":"0.506"}
{"method":"OPTIONS","url":"/supplier/signin","status":"200","responseTime":"0.405"}
{"method":"OPTIONS","url":"/supplier/signin","status":"200","responseTime":"0.761"}
{"method":"OPTIONS","url":"/supplier/signin","status":"200","responseTime":"0.435"}
{"method":"OPTIONS","url":"/supplier/signin","status":"200","responseTime":"0.311"}
{"method":"OPTIONS","url":"/supplier/signin","status":"200","responseTime":"0.248"}
{"method":"POST","url":"/supplier/signin","status":"401","responseTime":"478.092"}
{"method":"POST","url":"/supplier/signup","status":"500","responseTime":"70.983"}
{"method":"POST","url":"/supplier/signin","status":"200","responseTime":"27.058"}
{"method":"OPTIONS","url":"/supplier/signin","status":"200","responseTime":"0.195"}
{"method":"OPTIONS","url":"/supplier/signin","status":"200","responseTime":"0.988"}
{"method":"OPTIONS","url":"/supplier/signin","status":"200","responseTime":"0.393"}
{"method":"OPTIONS","url":"/supplier/signin","status":"200","responseTime":"0.496"}
{"method":"OPTIONS","url":"/supplier/signin","status":"200","responseTime":"0.648"}
{"method":"OPTIONS","url":"/supplier/signin","status":"200","responseTime":"0.459"}
{"method":"OPTIONS","url":"/supplier/signin","status":"204","responseTime":"2.821"}
{"method":"POST","url":"/supplier/signin","status":"200","responseTime":"838.956"}
{"method":"GET","url":"/supplier/getAllTrashCategories","status":"403","responseTime":"0.566"}
{"method":"GET","url":"/supplier/getAllTrashCategories","status":"403","responseTime":"0.548"}
{"method":"GET","url":"/supplier/getAllTrashCategories","status":"403","responseTime":"1.361"}
{"method":"GET","url":"/supplier/getAllTrashCategories","status":"403","responseTime":"0.641"}
{"method":"OPTIONS","url":"/supplier/signin","status":"204","responseTime":"3.080"}
{"method":"POST","url":"/supplier/signin","status":"200","responseTime":"415.144"}
{"method":"GET","url":"/supplier/getAllTrashCategories","status":"403","responseTime":"0.422"}
{"method":"GET","url":"/supplier/getAllTrashCategories","status":"403","responseTime":"0.428"}
{"method":"GET","url":"/supplier/getAllTrashCategories","status":"403","responseTime":"2.558"}
{"method":"GET","url":"/supplier/addcart","status":"403","responseTime":"21.557"}
{"method":"GET","url":"/supplier/addcart","status":"403","responseTime":"1.257"}
{"method":"GET","url":"/supplier/trashcategories","status":"403","responseTime":"1.607"}
{"method":"GET","url":"/supplier/trashcategories","status":"403","responseTime":"0.791"}
{"method":"GET","url":"/supplier/addcart","status":"403","responseTime":"2.065"}
{"method":"GET","url":"/supplier/trashcategories","status":"403","responseTime":"0.516"}
{"method":"GET","url":"/supplier/addcart","status":"403","responseTime":"1.558"}
{"method":"GET","url":"/supplier/trashcategories","status":"403","responseTime":"0.386"}
{"method":"GET","url":"/supplier/addcart","status":"403","responseTime":"1.995"}
{"method":"GET","url":"/supplier/addcart","status":"403","responseTime":"0.565"}
{"method":"GET","url":"/supplier/trashcategories","status":"403","responseTime":"0.336"}
{"method":"GET","url":"/supplier/trashcategories","status":"403","responseTime":"0.478"}
{"method":"GET","url":"/supplier/addcart","status":"403","responseTime":"1.198"}
{"method":"GET","url":"/supplier/trashcategories","status":"403","responseTime":"1.209"}
{"method":"GET","url":"/supplier/addcart","status":"403","responseTime":"0.902"}
{"method":"GET","url":"/supplier/trashcategories","status":"403","responseTime":"0.555"}
{"method":"GET","url":"/supplier/addcart","status":"403","responseTime":"0.461"}
{"method":"GET","url":"/supplier/trashcategories","status":"403","responseTime":"0.369"}
{"method":"GET","url":"/supplier/addcart","status":"403","responseTime":"0.765"}
{"method":"GET","url":"/supplier/trashcategories","status":"403","responseTime":"0.887"}
{"method":"GET","url":"/supplier/addcart","status":"403","responseTime":"0.556"}
{"method":"GET","url":"/supplier/trashcategories","status":"403","responseTime":"0.924"}
{"method":"GET","url":"/supplier/addcart","status":"403","responseTime":"0.622"}
{"method":"GET","url":"/supplier/trashcategories","status":"403","responseTime":"0.626"}
{"method":"GET","url":"/supplier/addcart","status":"403","responseTime":"0.508"}
{"method":"GET","url":"/supplier/trashcategories","status":"403","responseTime":"0.643"}
{"method":"GET","url":"/supplier/addcart","status":"403","responseTime":"0.528"}
{"method":"GET","url":"/supplier/trashcategories","status":"403","responseTime":"0.404"}
{"method":"GET","url":"/supplier/addcart","status":"403","responseTime":"0.687"}
{"method":"GET","url":"/supplier/trashcategories","status":"403","responseTime":"0.677"}
{"method":"GET","url":"/supplier/addcart","status":"403","responseTime":"0.608"}
{"method":"GET","url":"/supplier/trashcategories","status":"403","responseTime":"0.622"}
{"method":"GET","url":"/supplier/addcart","status":"403","responseTime":"0.625"}
{"method":"GET","url":"/supplier/trashcategories","status":"403","responseTime":"0.512"}
{"method":"GET","url":"/supplier/addcart","status":"403","responseTime":"0.446"}
{"method":"GET","url":"/supplier/trashcategories","status":"403","responseTime":"0.315"}
{"method":"GET","url":"/supplier/addcart","status":"403","responseTime":"0.379"}
{"method":"GET","url":"/supplier/trashcategories","status":"403","responseTime":"0.317"}
{"method":"GET","url":"/supplier/addcart","status":"403","responseTime":"0.387"}
{"method":"GET","url":"/supplier/trashcategories","status":"403","responseTime":"0.295"}
{"method":"GET","url":"/supplier/addcart","status":"403","responseTime":"1.872"}
{"method":"GET","url":"/supplier/trashcategories","status":"403","responseTime":"0.536"}
{"method":"GET","url":"/supplier/addcart","status":"403","responseTime":"0.487"}
{"method":"GET","url":"/supplier/trashcategories","status":"403","responseTime":"0.320"}
{"method":"GET","url":"/supplier/addcart","status":"403","responseTime":"0.385"}
{"method":"GET","url":"/supplier/trashcategories","status":"403","responseTime":"0.545"}
{"method":"GET","url":"/supplier/trashcategories","status":"403","responseTime":"3.874"}
{"method":"GET","url":"/supplier/trashcategories","status":"403","responseTime":"0.533"}
{"method":"GET","url":"/supplier/addcart","status":"403","responseTime":"0.472"}
{"method":"GET","url":"/supplier/addcart","status":"403","responseTime":"0.507"}
{"method":"GET","url":"/supplier/addcart","status":"403","responseTime":"0.681"}
{"method":"GET","url":"/supplier/trashcategories","status":"403","responseTime":"0.435"}
{"method":"GET","url":"/supplier/trashcategories","status":"403","responseTime":"0.394"}
{"method":"GET","url":"/supplier/addcart","status":"403","responseTime":"0.409"}
{"method":"GET","url":"/supplier/addcart","status":"403","responseTime":"0.817"}
{"method":"GET","url":"/supplier/addcart","status":"403","responseTime":"0.405"}
{"method":"GET","url":"/supplier/trashcategories","status":"403","responseTime":"0.327"}
{"method":"GET","url":"/supplier/trashcategories","status":"403","responseTime":"0.612"}
{"method":"OPTIONS","url":"/supplier/signin","status":"204","responseTime":"5.121"}
{"method":"POST","url":"/supplier/signin","status":"200","responseTime":"664.125"}
{"method":"GET","url":"/supplier/addcart","status":"403","responseTime":"4.877"}
{"method":"GET","url":"/supplier/addcart","status":"403","responseTime":"0.502"}
{"method":"GET","url":"/supplier/trashcategories","status":"403","responseTime":"0.342"}
{"method":"GET","url":"/supplier/trashcategories","status":"403","responseTime":"0.421"}
{"method":"GET","url":"/supplier/addcart","status":"403","responseTime":"0.932"}
{"method":"GET","url":"/supplier/trashcategories","status":"403","responseTime":"0.900"}
{"method":"GET","url":"/supplier/addcart","status":"403","responseTime":"0.346"}
{"method":"GET","url":"/supplier/trashcategories","status":"403","responseTime":"0.477"}
{"method":"GET","url":"/supplier/addcart","status":"403","responseTime":"0.644"}
{"method":"GET","url":"/supplier/trashcategories","status":"403","responseTime":"0.413"}
{"method":"GET","url":"/supplier/addcart","status":"403","responseTime":"0.264"}
{"method":"GET","url":"/supplier/trashcategories","status":"403","responseTime":"0.481"}
{"method":"GET","url":"/supplier/addcart","status":"403","responseTime":"0.524"}
{"method":"GET","url":"/supplier/trashcategories","status":"403","responseTime":"0.319"}
{"method":"GET","url":"/supplier/addcart","status":"403","responseTime":"0.360"}
{"method":"GET","url":"/supplier/trashcategories","status":"403","responseTime":"0.347"}
{"method":"GET","url":"/supplier/cart","status":"403","responseTime":"3.763"}
{"method":"GET","url":"/common/trashcategories","status":"403","responseTime":"0.320"}
{"method":"GET","url":"/supplier/cart","status":"403","responseTime":"0.686"}
{"method":"GET","url":"/common/trashcategories","status":"403","responseTime":"0.572"}
{"method":"GET","url":"/supplier/cart","status":"403","responseTime":"0.401"}
{"method":"GET","url":"/common/trashcategories","status":"403","responseTime":"0.422"}
{"method":"GET","url":"/common/trashcategories","status":"403","responseTime":"0.266"}
{"method":"GET","url":"/supplier/addcart","status":"403","responseTime":"0.209"}
{"method":"GET","url":"/supplier/addcart","status":"403","responseTime":"0.510"}
{"method":"GET","url":"/common/trashcategories","status":"403","responseTime":"0.241"}
{"method":"GET","url":"/supplier/addcart","status":"403","responseTime":"0.341"}
{"method":"GET","url":"/common/trashcategories","status":"403","responseTime":"0.268"}
{"method":"GET","url":"/supplier/addcart","status":"403","responseTime":"0.280"}
{"method":"GET","url":"/common/trashcategories","status":"403","responseTime":"0.367"}
{"method":"GET","url":"/common/trashcategories","status":"403","responseTime":"0.502"}
{"method":"GET","url":"/supplier/addcart","status":"403","responseTime":"0.302"}
{"method":"GET","url":"/supplier/addcart","status":"403","responseTime":"0.383"}
{"method":"GET","url":"/common/trashcategories","status":"403","responseTime":"0.283"}
{"method":"GET","url":"/supplier/addcart","status":"403","responseTime":"0.492"}
{"method":"GET","url":"/common/trashcategories","status":"403","responseTime":"1.222"}
{"method":"GET","url":"/supplier/addcart","status":"403","responseTime":"0.334"}
{"method":"GET","url":"/common/trashcategories","status":"403","responseTime":"0.167"}
{"method":"GET","url":"/supplier/addcart","status":"403","responseTime":"0.408"}
{"method":"GET","url":"/common/trashcategories","status":"403","responseTime":"0.448"}
{"method":"GET","url":"/supplier/addcart","status":"403","responseTime":"0.494"}
{"method":"GET","url":"/common/trashcategories","status":"403","responseTime":"0.231"}
{"method":"GET","url":"/supplier/addcart","status":"403","responseTime":"0.174"}
{"method":"GET","url":"/common/trashcategories","status":"403","responseTime":"0.180"}
{"method":"GET","url":"/supplier/addcart","status":"403","responseTime":"2.829"}
{"method":"GET","url":"/common/trashcategories","status":"403","responseTime":"0.881"}
{"method":"GET","url":"/supplier/addcart","status":"403","responseTime":"0.382"}
{"method":"GET","url":"/common/trashcategories","status":"403","responseTime":"0.300"}
{"method":"GET","url":"/supplier/addcart","status":"403","responseTime":"0.377"}
{"method":"GET","url":"/common/trashcategories","status":"403","responseTime":"0.333"}
{"method":"GET","url":"/supplier/addcart","status":"403","responseTime":"0.412"}
{"method":"GET","url":"/common/trashcategories","status":"403","responseTime":"0.352"}
{"method":"GET","url":"/supplier/addcart","status":"403","responseTime":"0.674"}
{"method":"GET","url":"/common/trashcategories","status":"403","responseTime":"0.630"}
{"method":"OPTIONS","url":"/supplier/signin","status":"204","responseTime":"3.464"}
{"method":"POST","url":"/supplier/signin","status":"200","responseTime":"742.142"}
{"method":"GET","url":"/common/trashcategories","status":"403","responseTime":"0.530"}
{"method":"GET","url":"/supplier/addcart","status":"403","responseTime":"0.322"}
{"method":"GET","url":"/common/trashcategories","status":"403","responseTime":"0.214"}
{"method":"GET","url":"/supplier/addcart","status":"403","responseTime":"0.920"}
{"method":"GET","url":"/supplier/addcart","status":"403","responseTime":"0.516"}
{"method":"GET","url":"/common/trashcategories","status":"403","responseTime":"0.389"}
{"method":"GET","url":"/supplier/addcart","status":"403","responseTime":"0.381"}
{"method":"GET","url":"/common/trashcategories","status":"403","responseTime":"0.443"}
{"method":"GET","url":"/trashcategories","status":"403","responseTime":"5.361"}
{"method":"GET","url":"/trashcategories","status":"403","responseTime":"0.414"}
{"method":"GET","url":"/supplier/addcart","status":"403","responseTime":"0.423"}
{"method":"GET","url":"/supplier/addcart","status":"403","responseTime":"0.673"}
{"method":"OPTIONS","url":"/supplier/signin","status":"204","responseTime":"1.990"}
{"method":"POST","url":"/supplier/signin","status":"200","responseTime":"41.052"}
{"method":"GET","url":"/trashcategories","status":"403","responseTime":"0.247"}
{"method":"GET","url":"/supplier/addcart","status":"403","responseTime":"0.381"}
{"method":"GET","url":"/supplier/addcart","status":"403","responseTime":"0.332"}
{"method":"GET","url":"/trashcategories","status":"403","responseTime":"0.482"}
{"method":"GET","url":"/supplier/getAllTrashCategories","status":"403","responseTime":"0.301"}
{"method":"POST","url":"/supplier/signin","status":"200","responseTime":"3.910"}
{"method":"GET","url":"/supplier/getAllTrashCategories","status":"403","responseTime":"0.231"}
{"method":"GET","url":"/supplier/getAllTrashCategories","status":"404","responseTime":"10.464"}
{"method":"GET","url":"/supplier/addcart","status":"403","responseTime":"0.287"}
{"method":"GET","url":"/supplier/addcart","status":"403","responseTime":"0.264"}
{"method":"GET","url":"/trashcategories","status":"403","responseTime":"0.224"}
{"method":"GET","url":"/supplier/addcart","status":"403","responseTime":"0.364"}
{"method":"GET","url":"/trashcategories","status":"403","responseTime":"0.516"}
{"method":"GET","url":"/supplier/addcart","status":"403","responseTime":"10.946"}
{"method":"GET","url":"/supplier/addcart","status":"403","responseTime":"0.569"}
{"method":"GET","url":"/trashcategories","status":"403","responseTime":"0.333"}
{"method":"GET","url":"/supplier/addcart","status":"403","responseTime":"0.168"}
{"method":"GET","url":"/trashcategories","status":"403","responseTime":"0.170"}
{"method":"GET","url":"/supplier/addcart","status":"403","responseTime":"0.201"}
{"method":"GET","url":"/getAllTrashCategories","status":"403","responseTime":"0.295"}
{"method":"GET","url":"/supplier/addcart","status":"403","responseTime":"0.382"}
{"method":"GET","url":"/getAllTrashCategories","status":"403","responseTime":"0.386"}
{"method":"GET","url":"/supplier/addcart","status":"403","responseTime":"0.238"}
{"method":"GET","url":"/getAllTrashCategories","status":"403","responseTime":"0.317"}
{"method":"GET","url":"/getAllTrashCategories","status":"403","responseTime":"0.485"}
{"method":"GET","url":"/favicon.ico","status":"403","responseTime":"0.767"}
{"method":"GET","url":"/getAllTrashCategories","status":"403","responseTime":"0.380"}
{"method":"GET","url":"/favicon.ico","status":"403","responseTime":"0.286"}
{"method":"GET","url":"/supplier/getAllTrashSubCategories","status":"404","responseTime":"1.851"}
{"method":"GET","url":"/supplier/addcart/1","status":"404","responseTime":"13.483"}
{"method":"GET","url":"/supplier/showcart","status":"200","responseTime":"34.278"}
{"method":"GET","url":"/supplier/getAllTrashCategories","status":"404","responseTime":"5.537"}
{"method":"GET","url":"/common/getAllTrashCategories","status":"403","responseTime":"0.810"}
{"method":"GET","url":"/common/getAllTrashCategories","status":"200","responseTime":"14.675"}
{"method":"POST","url":"/supplier/addcart/1","status":"-","responseTime":"-"}
{"method":"POST","url":"/supplier/addcart/1","status":"201","responseTime":"38.084"}
{"method":"GET","url":"/supplier/showcart","status":"403","responseTime":"0.710"}
{"method":"GET","url":"/supplier/showcart","status":"403","responseTime":"2.014"}
{"method":"GET","url":"/common/getAllTrashCategories","status":"403","responseTime":"0.212"}
{"method":"GET","url":"/common/getAllTrashCategories","status":"403","responseTime":"0.263"}
{"method":"GET","url":"/supplier/showcart","status":"403","responseTime":"7.094"}
{"method":"GET","url":"/supplier/showcart","status":"403","responseTime":"1.295"}
{"method":"GET","url":"/common/getAllTrashCategories","status":"403","responseTime":"0.585"}
{"method":"GET","url":"/common/getAllTrashCategories","status":"403","responseTime":"0.460"}
{"method":"GET","url":"/supplier/showcart","status":"403","responseTime":"0.350"}
{"method":"GET","url":"/common/getAllTrashCategories","status":"403","responseTime":"0.729"}
{"method":"OPTIONS","url":"/supplier/signin","status":"204","responseTime":"0.459"}
{"method":"POST","url":"/supplier/signin","status":"200","responseTime":"512.312"}
{"method":"GET","url":"/common/getAllTrashCategories","status":"403","responseTime":"2.274"}
{"method":"GET","url":"/supplier/showcart","status":"403","responseTime":"0.349"}
{"method":"GET","url":"/common/getAllTrashCategories","status":"403","responseTime":"0.298"}
{"method":"GET","url":"/supplier/showcart","status":"403","responseTime":"0.460"}
{"method":"OPTIONS","url":"/supplier/addcart/","status":"204","responseTime":"0.335"}
{"method":"POST","url":"/supplier/addcart/","status":"403","responseTime":"23.464"}
{"method":"GET","url":"/supplier/showcart","status":"403","responseTime":"1.020"}
{"method":"GET","url":"/common/getAllTrashCategories","status":"403","responseTime":"0.412"}
{"method":"GET","url":"/supplier/showcart","status":"403","responseTime":"0.256"}
{"method":"GET","url":"/common/getAllTrashCategories","status":"403","responseTime":"0.306"}
{"method":"GET","url":"/supplier/showcart","status":"403","responseTime":"0.506"}
{"method":"GET","url":"/common/getAllTrashCategories","status":"403","responseTime":"0.363"}
{"method":"GET","url":"/supplier/showcart","status":"403","responseTime":"0.366"}
{"method":"GET","url":"/common/getAllTrashCategories","status":"403","responseTime":"0.358"}
{"method":"GET","url":"/supplier/showcart","status":"403","responseTime":"0.384"}
{"method":"GET","url":"/common/getAllTrashCategories","status":"403","responseTime":"0.729"}
{"method":"GET","url":"/supplier/showcart","status":"403","responseTime":"0.263"}
{"method":"GET","url":"/common/getAllTrashCategories","status":"403","responseTime":"0.244"}
{"method":"GET","url":"/supplier/showcart","status":"403","responseTime":"0.202"}
{"method":"GET","url":"/common/getAllTrashCategories","status":"403","responseTime":"0.250"}
{"method":"GET","url":"/supplier/showcart","status":"403","responseTime":"0.252"}
{"method":"GET","url":"/common/getAllTrashCategories","status":"403","responseTime":"0.250"}
{"method":"GET","url":"/supplier/showcart","status":"403","responseTime":"0.194"}
{"method":"GET","url":"/common/getAllTrashCategories","status":"403","responseTime":"0.248"}
{"method":"GET","url":"/supplier/showcart","status":"403","responseTime":"0.239"}
{"method":"GET","url":"/common/getAllTrashCategories","status":"403","responseTime":"0.232"}
{"method":"GET","url":"/supplier/showcart","status":"403","responseTime":"0.393"}
{"method":"GET","url":"/common/getAllTrashCategories","status":"403","responseTime":"0.222"}
{"method":"GET","url":"/supplier/showcart","status":"403","responseTime":"0.379"}
{"method":"GET","url":"/common/getAllTrashCategories","status":"403","responseTime":"0.295"}
{"method":"GET","url":"/supplier/showcart","status":"403","responseTime":"0.243"}
{"method":"GET","url":"/common/getAllTrashCategories","status":"403","responseTime":"0.284"}
{"method":"GET","url":"/supplier/showcart","status":"403","responseTime":"0.353"}
{"method":"GET","url":"/common/getAllTrashCategories","status":"403","responseTime":"0.259"}
{"method":"GET","url":"/supplier/showcart","status":"403","responseTime":"0.253"}
{"method":"GET","url":"/common/getAllTrashCategories","status":"403","responseTime":"0.204"}
{"method":"GET","url":"/supplier/showcart","status":"403","responseTime":"0.256"}
{"method":"GET","url":"/common/getAllTrashCategories","status":"403","responseTime":"0.112"}
{"method":"GET","url":"/supplier/showcart","status":"403","responseTime":"0.310"}
{"method":"GET","url":"/common/getAllTrashCategories","status":"403","responseTime":"0.193"}
{"method":"GET","url":"/supplier/showcart","status":"403","responseTime":"0.252"}
{"method":"GET","url":"/common/getAllTrashCategories","status":"403","responseTime":"0.139"}
{"method":"GET","url":"/supplier/showcart","status":"403","responseTime":"0.148"}
{"method":"GET","url":"/common/getAllTrashCategories","status":"403","responseTime":"0.097"}
{"method":"GET","url":"/supplier/showcart","status":"403","responseTime":"0.299"}
{"method":"GET","url":"/common/getAllTrashCategories","status":"403","responseTime":"0.123"}
{"method":"GET","url":"/supplier/showcart","status":"403","responseTime":"0.429"}
{"method":"GET","url":"/common/getAllTrashCategories","status":"403","responseTime":"0.225"}
{"method":"GET","url":"/supplier/showcart","status":"403","responseTime":"0.402"}
{"method":"GET","url":"/common/getAllTrashCategories","status":"403","responseTime":"0.428"}
{"method":"GET","url":"/supplier/showcart","status":"403","responseTime":"0.510"}
{"method":"GET","url":"/common/getAllTrashCategories","status":"403","responseTime":"0.334"}
{"method":"GET","url":"/supplier/showcart","status":"403","responseTime":"0.206"}
{"method":"GET","url":"/common/getAllTrashCategories","status":"403","responseTime":"0.157"}
{"method":"GET","url":"/supplier/showcart","status":"403","responseTime":"0.293"}
{"method":"GET","url":"/common/getAllTrashCategories","status":"403","responseTime":"0.230"}
{"method":"GET","url":"/supplier/showcart","status":"403","responseTime":"0.243"}
{"method":"GET","url":"/common/getAllTrashCategories","status":"403","responseTime":"0.278"}
{"method":"GET","url":"/supplier/showcart","status":"403","responseTime":"0.290"}
{"method":"GET","url":"/common/getAllTrashCategories","status":"403","responseTime":"0.193"}
{"method":"GET","url":"/supplier/showcart","status":"403","responseTime":"0.292"}
{"method":"GET","url":"/common/getAllTrashCategories","status":"403","responseTime":"0.199"}
{"method":"GET","url":"/supplier/showcart","status":"403","responseTime":"0.382"}
{"method":"GET","url":"/common/getAllTrashCategories","status":"403","responseTime":"0.218"}
{"method":"GET","url":"/supplier/showcart","status":"403","responseTime":"0.455"}
{"method":"GET","url":"/common/getAllTrashCategories","status":"403","responseTime":"0.315"}
{"method":"OPTIONS","url":"/supplier/addcart/","status":"204","responseTime":"0.193"}
{"method":"POST","url":"/supplier/addcart/","status":"403","responseTime":"1.299"}
{"method":"GET","url":"/supplier/showcart","status":"403","responseTime":"0.158"}
{"method":"GET","url":"/common/getAllTrashCategories","status":"403","responseTime":"0.103"}
{"method":"GET","url":"/supplier/showcart","status":"403","responseTime":"0.182"}
{"method":"GET","url":"/common/getAllTrashCategories","status":"403","responseTime":"0.099"}
{"method":"GET","url":"/supplier/showcart","status":"403","responseTime":"0.243"}
{"method":"GET","url":"/common/getAllTrashCategories","status":"403","responseTime":"0.136"}
{"method":"GET","url":"/supplier/showcart","status":"403","responseTime":"0.179"}
{"method":"GET","url":"/common/getAllTrashCategories","status":"403","responseTime":"0.191"}
{"method":"GET","url":"/supplier/showcart","status":"403","responseTime":"0.253"}
{"method":"GET","url":"/common/getAllTrashCategories","status":"403","responseTime":"0.209"}
{"method":"GET","url":"/supplier/showcart","status":"403","responseTime":"0.259"}
{"method":"GET","url":"/common/getAllTrashCategories","status":"403","responseTime":"0.220"}
{"method":"GET","url":"/supplier/showcart","status":"403","responseTime":"0.307"}
{"method":"GET","url":"/common/getAllTrashCategories","status":"403","responseTime":"0.221"}
{"method":"GET","url":"/supplier/showcart","status":"403","responseTime":"0.225"}
{"method":"GET","url":"/common/getAllTrashCategories","status":"403","responseTime":"0.205"}
{"method":"GET","url":"/supplier/showcart","status":"403","responseTime":"0.285"}
{"method":"GET","url":"/common/getAllTrashCategories","status":"403","responseTime":"0.242"}
{"method":"GET","url":"/common/getAllTrashCategories","status":"403","responseTime":"0.261"}
{"method":"GET","url":"/supplier/showcart","status":"403","responseTime":"0.210"}
{"method":"GET","url":"/common/getAllTrashCategories","status":"403","responseTime":"0.375"}
{"method":"GET","url":"/common/getAllTrashCategories","status":"403","responseTime":"0.263"}
{"method":"GET","url":"/common/getAllTrashCategories","status":"403","responseTime":"0.274"}
{"method":"GET","url":"/common/getAllTrashCategories","status":"403","responseTime":"0.395"}
{"method":"GET","url":"/supplier/showcart","status":"403","responseTime":"0.329"}
{"method":"GET","url":"/common/getAllTrashCategories","status":"403","responseTime":"0.158"}
{"method":"GET","url":"/supplier/showcart","status":"403","responseTime":"0.451"}
{"method":"GET","url":"/common/getAllTrashCategories","status":"403","responseTime":"0.225"}
{"method":"OPTIONS","url":"/supplier/signin","status":"204","responseTime":"0.600"}
{"method":"POST","url":"/supplier/signin","status":"200","responseTime":"596.080"}
{"method":"OPTIONS","url":"/supplier/signin","status":"204","responseTime":"0.201"}
{"method":"POST","url":"/supplier/signin","status":"200","responseTime":"3.299"}
{"method":"GET","url":"/supplier/showcart","status":"403","responseTime":"0.323"}
{"method":"GET","url":"/common/getAllTrashCategories","status":"403","responseTime":"0.234"}
{"method":"GET","url":"/supplier/showcart","status":"403","responseTime":"0.275"}
{"method":"GET","url":"/common/getAllTrashCategories","status":"403","responseTime":"0.422"}
{"method":"OPTIONS","url":"/supplier/addcart/","status":"204","responseTime":"0.159"}
{"method":"POST","url":"/supplier/addcart/","status":"403","responseTime":"0.474"}
{"method":"POST","url":"/supplier/addcart/","status":"403","responseTime":"0.794"}
{"method":"GET","url":"/supplier/showcart","status":"403","responseTime":"0.328"}
{"method":"GET","url":"/common/getAllTrashCategories","status":"403","responseTime":"0.213"}
{"method":"OPTIONS","url":"/supplier/signin","status":"204","responseTime":"0.140"}
{"method":"POST","url":"/supplier/signin","status":"200","responseTime":"6.508"}
{"method":"GET","url":"/supplier/showcart","status":"403","responseTime":"0.399"}
{"method":"GET","url":"/supplier/showcart","status":"403","responseTime":"0.251"}
{"method":"OPTIONS","url":"/supplier/addcart/","status":"204","responseTime":"0.129"}
{"method":"POST","url":"/supplier/addcart/","status":"403","responseTime":"12.164"}
{"method":"OPTIONS","url":"/supplier/showcart","status":"204","responseTime":"0.125"}
{"method":"OPTIONS","url":"/common/getAllTrashCategories","status":"204","responseTime":"0.273"}
{"method":"GET","url":"/supplier/showcart","status":"500","responseTime":"13.433"}
{"method":"GET","url":"/common/getAllTrashCategories","status":"500","responseTime":"0.858"}
{"method":"GET","url":"/supplier/showcart","status":"500","responseTime":"0.603"}
{"method":"GET","url":"/common/getAllTrashCategories","status":"500","responseTime":"0.738"}
{"method":"OPTIONS","url":"/supplier/showcart","status":"204","responseTime":"0.194"}
{"method":"OPTIONS","url":"/common/getAllTrashCategories","status":"204","responseTime":"0.138"}
{"method":"GET","url":"/supplier/showcart","status":"500","responseTime":"0.405"}
{"method":"GET","url":"/common/getAllTrashCategories","status":"500","responseTime":"0.545"}
{"method":"GET","url":"/supplier/showcart","status":"500","responseTime":"0.678"}
{"method":"GET","url":"/common/getAllTrashCategories","status":"500","responseTime":"0.867"}
{"method":"GET","url":"/supplier/showcart","status":"500","responseTime":"0.603"}
{"method":"GET","url":"/common/getAllTrashCategories","status":"500","responseTime":"0.794"}
{"method":"OPTIONS","url":"/supplier/showcart","status":"204","responseTime":"0.209"}
{"method":"GET","url":"/supplier/showcart","status":"500","responseTime":"0.834"}
{"method":"OPTIONS","url":"/common/getAllTrashCategories","status":"204","responseTime":"0.136"}
{"method":"OPTIONS","url":"/common/getAllTrashCategories","status":"204","responseTime":"0.190"}
{"method":"GET","url":"/supplier/showcart","status":"500","responseTime":"0.514"}
{"method":"GET","url":"/common/getAllTrashCategories","status":"500","responseTime":"0.413"}
{"method":"GET","url":"/common/getAllTrashCategories","status":"500","responseTime":"0.461"}
{"method":"OPTIONS","url":"/supplier/showcart","status":"204","responseTime":"0.213"}
{"method":"OPTIONS","url":"/common/getAllTrashCategories","status":"204","responseTime":"0.158"}
{"method":"GET","url":"/supplier/showcart","status":"500","responseTime":"0.478"}
{"method":"GET","url":"/common/getAllTrashCategories","status":"500","responseTime":"0.523"}
{"method":"OPTIONS","url":"/supplier/addcart/","status":"204","responseTime":"0.170"}
{"method":"POST","url":"/supplier/addcart/","status":"500","responseTime":"1.842"}
{"method":"OPTIONS","url":"/supplier/signin","status":"204","responseTime":"1.107"}
{"method":"POST","url":"/supplier/signin","status":"200","responseTime":"368.031"}
{"method":"OPTIONS","url":"/supplier/showcart","status":"204","responseTime":"0.250"}
{"method":"OPTIONS","url":"/common/getAllTrashCategories","status":"204","responseTime":"0.165"}
{"method":"OPTIONS","url":"/supplier/showcart","status":"204","responseTime":"0.371"}
{"method":"OPTIONS","url":"/common/getAllTrashCategories","status":"204","responseTime":"0.106"}
{"method":"GET","url":"/supplier/showcart","status":"500","responseTime":"2.226"}
{"method":"GET","url":"/common/getAllTrashCategories","status":"500","responseTime":"1.550"}
{"method":"GET","url":"/supplier/showcart","status":"500","responseTime":"1.001"}
{"method":"GET","url":"/common/getAllTrashCategories","status":"500","responseTime":"1.736"}
{"method":"POST","url":"/supplier/signin","status":"200","responseTime":"4.455"}
{"method":"POST","url":"/supplier/signin","status":"200","responseTime":"2.409"}
{"method":"OPTIONS","url":"/supplier/signin","status":"204","responseTime":"1.432"}
{"method":"POST","url":"/supplier/signin","status":"200","responseTime":"51.754"}
{"method":"OPTIONS","url":"/supplier/showcart","status":"204","responseTime":"0.325"}
{"method":"OPTIONS","url":"/common/getAllTrashCategories","status":"204","responseTime":"0.116"}
{"method":"OPTIONS","url":"/common/getAllTrashCategories","status":"204","responseTime":"0.296"}
{"method":"GET","url":"/supplier/showcart","status":"500","responseTime":"1.702"}
{"method":"GET","url":"/supplier/showcart","status":"500","responseTime":"0.604"}
{"method":"GET","url":"/common/getAllTrashCategories","status":"500","responseTime":"2.992"}
{"method":"GET","url":"/common/getAllTrashCategories","status":"500","responseTime":"1.162"}
{"method":"OPTIONS","url":"/supplier/addcart/","status":"204","responseTime":"0.225"}
{"method":"POST","url":"/supplier/addcart/","status":"500","responseTime":"0.909"}
{"method":"POST","url":"/supplier/addcart/","status":"500","responseTime":"1.289"}
{"method":"OPTIONS","url":"/supplier/signin","status":"204","responseTime":"4.075"}
{"method":"POST","url":"/supplier/signin","status":"200","responseTime":"623.208"}
{"method":"OPTIONS","url":"/supplier/showcart","status":"204","responseTime":"0.376"}
{"method":"OPTIONS","url":"/common/getAllTrashCategories","status":"204","responseTime":"0.182"}
{"method":"OPTIONS","url":"/supplier/showcart","status":"204","responseTime":"0.204"}
{"method":"OPTIONS","url":"/common/getAllTrashCategories","status":"204","responseTime":"0.133"}
{"method":"GET","url":"/supplier/showcart","status":"500","responseTime":"3.131"}
{"method":"GET","url":"/common/getAllTrashCategories","status":"500","responseTime":"1.614"}
{"method":"GET","url":"/supplier/showcart","status":"500","responseTime":"1.078"}
{"method":"GET","url":"/common/getAllTrashCategories","status":"500","responseTime":"0.720"}
{"method":"OPTIONS","url":"/supplier/addcart/","status":"204","responseTime":"0.325"}
{"method":"POST","url":"/supplier/addcart/","status":"500","responseTime":"1.237"}
{"method":"POST","url":"/supplier/addcart/","status":"500","responseTime":"1.059"}
{"method":"GET","url":"/common/getAllTrashCategories","status":"200","responseTime":"19.111"}
{"method":"GET","url":"/common/getAllTrashCategories","status":"403","responseTime":"0.915"}
{"method":"GET","url":"/favicon.ico","status":"403","responseTime":"0.249"}
{"method":"OPTIONS","url":"/supplier/showcart","status":"204","responseTime":"0.153"}
{"method":"OPTIONS","url":"/common/getAllTrashCategories","status":"204","responseTime":"0.106"}
{"method":"OPTIONS","url":"/common/getAllTrashCategories","status":"204","responseTime":"0.101"}
{"method":"OPTIONS","url":"/supplier/showcart","status":"204","responseTime":"0.211"}
{"method":"GET","url":"/common/getAllTrashCategories","status":"500","responseTime":"0.867"}
{"method":"GET","url":"/supplier/showcart","status":"500","responseTime":"0.593"}
{"method":"GET","url":"/supplier/showcart","status":"500","responseTime":"0.798"}
{"method":"GET","url":"/common/getAllTrashCategories","status":"500","responseTime":"2.627"}
{"method":"OPTIONS","url":"/common/getAllTrashCategories","status":"204","responseTime":"1.035"}
{"method":"OPTIONS","url":"/common/getAllTrashCategories","status":"204","responseTime":"0.218"}
{"method":"GET","url":"/common/getAllTrashCategories","status":"500","responseTime":"2.205"}
{"method":"GET","url":"/common/getAllTrashCategories","status":"500","responseTime":"0.695"}
{"method":"GET","url":"/common/getAllTrashCategories","status":"500","responseTime":"0.713"}
{"method":"OPTIONS","url":"/common/getAllTrashCategories","status":"204","responseTime":"0.304"}
{"method":"GET","url":"/common/getAllTrashCategories","status":"500","responseTime":"1.477"}
{"method":"GET","url":"/common/getAllTrashCategories","status":"500","responseTime":"1.246"}
{"method":"GET","url":"/common/getAllTrashCategories","status":"500","responseTime":"0.561"}
{"method":"OPTIONS","url":"/common/getAllTrashCategories","status":"204","responseTime":"0.223"}
{"method":"GET","url":"/common/getAllTrashCategories","status":"500","responseTime":"0.533"}
{"method":"GET","url":"/common/getAllTrashCategories","status":"500","responseTime":"1.125"}
{"method":"OPTIONS","url":"/common/getAllTrashCategories","status":"204","responseTime":"0.160"}
{"method":"GET","url":"/common/getAllTrashCategories","status":"500","responseTime":"0.904"}
{"method":"OPTIONS","url":"/supplier/signin","status":"204","responseTime":"1.056"}
{"method":"POST","url":"/supplier/signin","status":"200","responseTime":"282.801"}
{"method":"OPTIONS","url":"/common/getAllTrashCategories","status":"204","responseTime":"0.429"}
{"method":"OPTIONS","url":"/common/getAllTrashCategories","status":"204","responseTime":"0.168"}
{"method":"GET","url":"/common/getAllTrashCategories","status":"500","responseTime":"2.948"}
{"method":"GET","url":"/common/getAllTrashCategories","status":"500","responseTime":"1.447"}
{"method":"OPTIONS","url":"/supplier/signin","status":"204","responseTime":"0.157"}
{"method":"POST","url":"/supplier/signin","status":"200","responseTime":"5.936"}
{"method":"OPTIONS","url":"/common/getAllTrashCategories","status":"204","responseTime":"0.183"}
{"method":"GET","url":"/common/getAllTrashCategories","status":"500","responseTime":"0.808"}
{"method":"GET","url":"/common/getAllTrashCategories","status":"500","responseTime":"0.535"}
{"method":"OPTIONS","url":"/supplier/signin","status":"204","responseTime":"3.070"}
{"method":"POST","url":"/supplier/signin","status":"200","responseTime":"392.978"}
{"method":"OPTIONS","url":"/common/getAllTrashCategories","status":"204","responseTime":"0.225"}
{"method":"GET","url":"/common/getAllTrashCategories","status":"500","responseTime":"3.730"}
{"method":"GET","url":"/common/getAllTrashCategories","status":"500","responseTime":"1.340"}
{"method":"OPTIONS","url":"/common/getAllTrashCategories","status":"204","responseTime":"1.262"}
{"method":"GET","url":"/common/getAllTrashCategories","status":"500","responseTime":"3.630"}
{"method":"OPTIONS","url":"/common/getAllTrashCategories","status":"204","responseTime":"0.192"}
{"method":"GET","url":"/common/getAllTrashCategories","status":"500","responseTime":"1.219"}
{"method":"OPTIONS","url":"/supplier/signin","status":"204","responseTime":"1.901"}
{"method":"POST","url":"/supplier/signin","status":"200","responseTime":"1099.585"}
{"method":"OPTIONS","url":"/common/getAllTrashCategories","status":"204","responseTime":"0.404"}
{"method":"GET","url":"/common/getAllTrashCategories","status":"200","responseTime":"11.278"}
{"method":"GET","url":"/common/getAllTrashCategories","status":"304","responseTime":"3.758"}
{"method":"OPTIONS","url":"/common/getAllTrashCategories","status":"204","responseTime":"0.543"}
{"method":"OPTIONS","url":"/common/getAllTrashCategories","status":"204","responseTime":"0.312"}
{"method":"GET","url":"/common/getAllTrashCategories","status":"304","responseTime":"2.736"}
{"method":"GET","url":"/common/getAllTrashCategories","status":"304","responseTime":"2.697"}
{"method":"OPTIONS","url":"/supplier/signin","status":"204","responseTime":"0.212"}
{"method":"POST","url":"/supplier/signin","status":"200","responseTime":"5.193"}
{"method":"OPTIONS","url":"/common/getAllTrashCategories","status":"204","responseTime":"0.139"}
{"method":"GET","url":"/common/getAllTrashCategories","status":"304","responseTime":"6.614"}
{"method":"GET","url":"/common/getAllTrashCategories","status":"304","responseTime":"2.918"}
{"method":"OPTIONS","url":"/supplier/signin","status":"204","responseTime":"0.278"}
{"method":"POST","url":"/supplier/signin","status":"200","responseTime":"8.767"}
{"method":"OPTIONS","url":"/common/getAllTrashCategories","status":"204","responseTime":"0.300"}
{"method":"OPTIONS","url":"/common/getAllTrashCategories","status":"204","responseTime":"0.224"}
{"method":"GET","url":"/common/getAllTrashCategories","status":"304","responseTime":"3.663"}
{"method":"GET","url":"/common/getAllTrashCategories","status":"304","responseTime":"3.016"}
{"method":"OPTIONS","url":"/supplier/signin","status":"204","responseTime":"2.129"}
{"method":"OPTIONS","url":"/common/getAllTrashCategories","status":"204","responseTime":"0.306"}
{"method":"GET","url":"/common/getAllTrashCategories","status":"304","responseTime":"5.617"}
{"method":"POST","url":"/supplier/signin","status":"200","responseTime":"62.391"}
{"method":"GET","url":"/common/getAllTrashCategories","status":"304","responseTime":"7.855"}
{"method":"OPTIONS","url":"/supplier/signin","status":"204","responseTime":"0.410"}
{"method":"POST","url":"/supplier/signin","status":"200","responseTime":"17.535"}
{"method":"OPTIONS","url":"/common/getAllTrashCategories","status":"204","responseTime":"0.125"}
{"method":"GET","url":"/common/getAllTrashCategories","status":"304","responseTime":"2.312"}
{"method":"GET","url":"/common/getAllTrashCategories","status":"304","responseTime":"3.725"}
{"method":"OPTIONS","url":"/supplier/showcart","status":"204","responseTime":"0.226"}
{"method":"OPTIONS","url":"/common/getAllTrashCategories","status":"204","responseTime":"0.240"}
{"method":"OPTIONS","url":"/supplier/showcart","status":"204","responseTime":"0.301"}
{"method":"OPTIONS","url":"/common/getAllTrashCategories","status":"204","responseTime":"0.233"}
{"method":"GET","url":"/supplier/showcart","status":"200","responseTime":"62.069"}
{"method":"GET","url":"/supplier/showcart","status":"304","responseTime":"7.105"}
{"method":"GET","url":"/common/getAllTrashCategories","status":"304","responseTime":"62.962"}
{"method":"GET","url":"/common/getAllTrashCategories","status":"304","responseTime":"2.329"}
{"method":"OPTIONS","url":"/supplier/signin","status":"204","responseTime":"0.595"}
{"method":"GET","url":"/common/getAllTrashCategories","status":"304","responseTime":"4.045"}
{"method":"POST","url":"/supplier/signin","status":"200","responseTime":"22.432"}
{"method":"OPTIONS","url":"/common/getAllTrashCategories","status":"204","responseTime":"0.215"}
{"method":"GET","url":"/common/getAllTrashCategories","status":"304","responseTime":"5.069"}
{"method":"OPTIONS","url":"/common/getAllTrashSubCategories/1","status":"204","responseTime":"0.233"}
{"method":"GET","url":"/common/getAllTrashSubCategories/1","status":"404","responseTime":"21.617"}
{"method":"GET","url":"/common/getAllTrashSubCategories/1","status":"404","responseTime":"1.550"}
{"method":"GET","url":"/common/getAllTrashSubCategories/1","status":"404","responseTime":"2.197"}
{"method":"OPTIONS","url":"/common/getAllTrashSubCategories/1","status":"204","responseTime":"0.187"}
{"method":"GET","url":"/common/getAllTrashSubCategories/1","status":"404","responseTime":"3.525"}
{"method":"GET","url":"/common/getAllTrashSubCategories/1","status":"404","responseTime":"2.347"}
{"method":"GET","url":"/common/getAllTrashSubCategories/1","status":"404","responseTime":"1.704"}
{"method":"OPTIONS","url":"/common/getAllTrashSubCategories/1","status":"204","responseTime":"0.315"}
{"method":"GET","url":"/common/getAllTrashSubCategories/1","status":"404","responseTime":"1.789"}
{"method":"GET","url":"/common/getAllTrashSubCategories/1","status":"404","responseTime":"1.460"}
{"method":"OPTIONS","url":"/common/getAllTrashCategories","status":"204","responseTime":"0.246"}
{"method":"GET","url":"/common/getAllTrashCategories","status":"304","responseTime":"3.020"}
{"method":"GET","url":"/common/getAllTrashSubCategories/$%7BcategoryId%7D","status":"403","responseTime":"0.670"}
{"method":"GET","url":"/favicon.ico","status":"403","responseTime":"0.290"}
{"method":"GET","url":"/common/getAllTrashSubCategories/$%7BcategoryId%7D","status":"403","responseTime":"0.291"}
{"method":"GET","url":"/favicon.ico","status":"403","responseTime":"0.296"}
{"method":"POST","url":"/supplier/signin","status":"200","responseTime":"8.656"}
{"method":"GET","url":"/common/getAllTrashSubCategories","status":"401","responseTime":"2.221"}
{"method":"POST","url":"/supplier/signin","status":"200","responseTime":"6.362"}
{"method":"GET","url":"/common/getAllTrashSubCategories","status":"401","responseTime":"1.523"}
{"method":"GET","url":"/common/getAllTrashSubCategories","status":"401","responseTime":"1.122"}
{"method":"POST","url":"/supplier/signin","status":"200","responseTime":"15.907"}
{"method":"GET","url":"/common/getAllTrashSubCategories/1","status":"401","responseTime":"11.445"}
{"method":"GET","url":"/common/getAllTrashSubCategories/1","status":"401","responseTime":"11.596"}
{"method":"GET","url":"/common/getAllTrashSubCategories/1","status":"401","responseTime":"5.200"}
{"method":"OPTIONS","url":"/supplier/signin","status":"204","responseTime":"4.406"}
{"method":"POST","url":"/supplier/signin","status":"200","responseTime":"373.223"}
{"method":"OPTIONS","url":"/common/getAllTrashCategories","status":"204","responseTime":"0.366"}
{"method":"OPTIONS","url":"/common/getAllTrashCategories","status":"204","responseTime":"0.169"}
{"method":"GET","url":"/common/getAllTrashCategories","status":"304","responseTime":"8.912"}
{"method":"GET","url":"/common/getAllTrashCategories","status":"304","responseTime":"2.874"}
{"method":"OPTIONS","url":"/common/getAllTrashSubCategories/1","status":"204","responseTime":"0.317"}
{"method":"GET","url":"/common/getAllTrashSubCategories/1","status":"404","responseTime":"2.933"}
{"method":"OPTIONS","url":"/common/getAllTrashSubCategories/1","status":"204","responseTime":"0.229"}
{"method":"GET","url":"/common/getAllTrashSubCategories/1","status":"404","responseTime":"3.182"}
{"method":"GET","url":"/common/getAllTrashSubCategories/2","status":"401","responseTime":"6.060"}
{"method":"GET","url":"/common/getAllTrashSubCategories/2","status":"401","responseTime":"0.637"}
{"method":"OPTIONS","url":"/common/getAllTrashCategories","status":"204","responseTime":"1.683"}
{"method":"OPTIONS","url":"/common/getAllTrashCategories","status":"204","responseTime":"0.154"}
{"method":"GET","url":"/common/getAllTrashCategories","status":"304","responseTime":"66.923"}
{"method":"GET","url":"/common/getAllTrashCategories","status":"304","responseTime":"9.030"}
{"method":"OPTIONS","url":"/supplier/showcart","status":"204","responseTime":"0.230"}
{"method":"OPTIONS","url":"/common/getAllTrashCategories","status":"204","responseTime":"0.233"}
{"method":"OPTIONS","url":"/supplier/showcart","status":"204","responseTime":"0.182"}
{"method":"OPTIONS","url":"/common/getAllTrashCategories","status":"204","responseTime":"0.172"}
{"method":"GET","url":"/supplier/showcart","status":"304","responseTime":"46.205"}
{"method":"GET","url":"/supplier/showcart","status":"304","responseTime":"5.904"}
{"method":"GET","url":"/common/getAllTrashCategories","status":"304","responseTime":"51.415"}
{"method":"GET","url":"/common/getAllTrashCategories","status":"304","responseTime":"2.333"}
{"method":"OPTIONS","url":"/supplier/showcart","status":"204","responseTime":"1.623"}
{"method":"OPTIONS","url":"/supplier/showcart","status":"204","responseTime":"0.103"}
{"method":"OPTIONS","url":"/common/getAllTrashCategories","status":"204","responseTime":"0.117"}
{"method":"OPTIONS","url":"/common/getAllTrashCategories","status":"204","responseTime":"0.085"}
{"method":"GET","url":"/common/getAllTrashCategories","status":"304","responseTime":"135.164"}
{"method":"GET","url":"/supplier/showcart","status":"304","responseTime":"153.069"}
{"method":"GET","url":"/common/getAllTrashCategories","status":"304","responseTime":"4.647"}
{"method":"GET","url":"/supplier/showcart","status":"304","responseTime":"4.106"}
{"method":"OPTIONS","url":"/supplier/showcart","status":"204","responseTime":"1.021"}
{"method":"OPTIONS","url":"/common/getAllTrashCategories","status":"204","responseTime":"0.144"}
{"method":"OPTIONS","url":"/supplier/showcart","status":"204","responseTime":"0.124"}
{"method":"OPTIONS","url":"/common/getAllTrashCategories","status":"204","responseTime":"0.090"}
{"method":"GET","url":"/supplier/showcart","status":"304","responseTime":"35.985"}
{"method":"GET","url":"/common/getAllTrashCategories","status":"304","responseTime":"26.872"}
{"method":"GET","url":"/supplier/showcart","status":"304","responseTime":"3.334"}
{"method":"GET","url":"/common/getAllTrashCategories","status":"304","responseTime":"3.791"}
{"method":"GET","url":"/supplier/showcart","status":"304","responseTime":"3.961"}
{"method":"GET","url":"/common/getAllTrashCategories","status":"304","responseTime":"2.637"}
{"method":"GET","url":"/common/getAllTrashCategories","status":"304","responseTime":"2.229"}
{"method":"GET","url":"/supplier/showcart","status":"304","responseTime":"4.676"}
{"method":"GET","url":"/supplier/showcart","status":"304","responseTime":"5.248"}
{"method":"GET","url":"/common/getAllTrashCategories","status":"304","responseTime":"13.490"}
{"method":"GET","url":"/supplier/showcart","status":"304","responseTime":"10.133"}
{"method":"GET","url":"/common/getAllTrashCategories","status":"304","responseTime":"2.409"}
{"method":"OPTIONS","url":"/supplier/showcart","status":"204","responseTime":"0.284"}
{"method":"OPTIONS","url":"/common/getAllTrashCategories","status":"204","responseTime":"0.259"}
{"method":"OPTIONS","url":"/supplier/showcart","status":"204","responseTime":"0.111"}
{"method":"OPTIONS","url":"/common/getAllTrashCategories","status":"204","responseTime":"0.131"}
{"method":"GET","url":"/supplier/showcart","status":"304","responseTime":"2.384"}
{"method":"GET","url":"/common/getAllTrashCategories","status":"304","responseTime":"1.745"}
{"method":"GET","url":"/supplier/showcart","status":"304","responseTime":"3.207"}
{"method":"GET","url":"/common/getAllTrashCategories","status":"304","responseTime":"1.981"}
{"method":"OPTIONS","url":"/supplier/signin","status":"204","responseTime":"0.914"}
{"method":"POST","url":"/supplier/signin","status":"200","responseTime":"291.584"}
{"method":"OPTIONS","url":"/common/getAllTrashCategories","status":"204","responseTime":"0.237"}
{"method":"OPTIONS","url":"/common/getAllTrashCategories","status":"204","responseTime":"0.163"}
{"method":"GET","url":"/common/getAllTrashCategories","status":"304","responseTime":"3.892"}
{"method":"GET","url":"/common/getAllTrashCategories","status":"304","responseTime":"2.308"}
{"method":"OPTIONS","url":"/supplier/showcart","status":"204","responseTime":"1.849"}
{"method":"OPTIONS","url":"/supplier/showcart","status":"204","responseTime":"0.211"}
{"method":"GET","url":"/common/getAllTrashCategories","status":"304","responseTime":"79.751"}
{"method":"GET","url":"/supplier/showcart","status":"304","responseTime":"94.242"}
{"method":"GET","url":"/common/getAllTrashCategories","status":"304","responseTime":"5.168"}
{"method":"GET","url":"/supplier/showcart","status":"304","responseTime":"5.022"}
{"method":"OPTIONS","url":"/supplier/showcart","status":"204","responseTime":"0.354"}
{"method":"OPTIONS","url":"/common/getAllTrashCategories","status":"204","responseTime":"0.094"}
{"method":"OPTIONS","url":"/supplier/showcart","status":"204","responseTime":"0.366"}
{"method":"OPTIONS","url":"/common/getAllTrashCategories","status":"204","responseTime":"0.233"}
{"method":"GET","url":"/supplier/showcart","status":"304","responseTime":"7.538"}
{"method":"GET","url":"/common/getAllTrashCategories","status":"304","responseTime":"6.130"}
{"method":"GET","url":"/supplier/showcart","status":"304","responseTime":"6.799"}
{"method":"GET","url":"/common/getAllTrashCategories","status":"304","responseTime":"3.211"}
{"method":"GET","url":"/common/getAllTrashCategories","status":"304","responseTime":"3.070"}
{"method":"GET","url":"/supplier/showcart","status":"304","responseTime":"6.217"}
{"method":"GET","url":"/supplier/showcart","status":"304","responseTime":"4.260"}
{"method":"GET","url":"/common/getAllTrashCategories","status":"304","responseTime":"3.406"}
{"method":"GET","url":"/supplier/showcart","status":"403","responseTime":"0.528"}
{"method":"GET","url":"/supplier/showcart","status":"403","responseTime":"0.262"}
{"method":"GET","url":"/supplier/showcart","status":"403","responseTime":"0.372"}
{"method":"GET","url":"/supplier/showcart","status":"403","responseTime":"0.353"}
{"method":"GET","url":"/supplier/showcart","status":"403","responseTime":"0.372"}
{"method":"GET","url":"/supplier/showcart","status":"403","responseTime":"0.209"}
{"method":"GET","url":"/supplier/showcart","status":"403","responseTime":"3.878"}
{"method":"GET","url":"/supplier/showcart","status":"403","responseTime":"0.279"}
{"method":"OPTIONS","url":"/supplier/showcart","status":"204","responseTime":"0.214"}
{"method":"OPTIONS","url":"/supplier/showcart","status":"204","responseTime":"0.103"}
{"method":"OPTIONS","url":"/common/getAllTrashCategories","status":"204","responseTime":"0.203"}
{"method":"OPTIONS","url":"/common/getAllTrashCategories","status":"204","responseTime":"0.080"}
{"method":"GET","url":"/supplier/showcart","status":"200","responseTime":"3.183"}
{"method":"GET","url":"/common/getAllTrashCategories","status":"304","responseTime":"2.392"}
{"method":"GET","url":"/supplier/showcart","status":"304","responseTime":"2.407"}
{"method":"GET","url":"/common/getAllTrashCategories","status":"304","responseTime":"1.803"}
{"method":"GET","url":"/supplier/showcart","status":"304","responseTime":"4.164"}
{"method":"GET","url":"/common/getAllTrashCategories","status":"304","responseTime":"2.513"}
{"method":"GET","url":"/supplier/showcart","status":"304","responseTime":"2.498"}
{"method":"GET","url":"/common/getAllTrashCategories","status":"304","responseTime":"1.657"}
{"method":"OPTIONS","url":"/supplier/showcart","status":"204","responseTime":"0.193"}
{"method":"OPTIONS","url":"/common/getAllTrashCategories","status":"204","responseTime":"0.177"}
{"method":"OPTIONS","url":"/supplier/showcart","status":"204","responseTime":"0.121"}
{"method":"OPTIONS","url":"/common/getAllTrashCategories","status":"204","responseTime":"0.144"}
{"method":"GET","url":"/supplier/showcart","status":"304","responseTime":"6.358"}
{"method":"GET","url":"/common/getAllTrashCategories","status":"304","responseTime":"3.996"}
{"method":"GET","url":"/common/getAllTrashCategories","status":"304","responseTime":"4.816"}
{"method":"GET","url":"/supplier/showcart","status":"304","responseTime":"4.555"}
{"method":"GET","url":"/supplier/showcart","status":"304","responseTime":"4.116"}
{"method":"GET","url":"/common/getAllTrashCategories","status":"304","responseTime":"2.789"}
{"method":"GET","url":"/supplier/showcart","status":"304","responseTime":"4.291"}
{"method":"GET","url":"/common/getAllTrashCategories","status":"304","responseTime":"2.596"}
{"method":"GET","url":"/supplier/showcart","status":"304","responseTime":"4.615"}
{"method":"GET","url":"/common/getAllTrashCategories","status":"304","responseTime":"2.996"}
{"method":"GET","url":"/supplier/showcart","status":"304","responseTime":"5.115"}
{"method":"GET","url":"/common/getAllTrashCategories","status":"304","responseTime":"4.169"}
{"method":"GET","url":"/supplier/showcart","status":"304","responseTime":"4.341"}
{"method":"GET","url":"/common/getAllTrashCategories","status":"304","responseTime":"2.959"}
{"method":"GET","url":"/supplier/showcart","status":"304","responseTime":"5.041"}
{"method":"GET","url":"/common/getAllTrashCategories","status":"304","responseTime":"3.542"}
{"method":"GET","url":"/supplier/showcart","status":"304","responseTime":"4.353"}
{"method":"GET","url":"/common/getAllTrashCategories","status":"304","responseTime":"4.085"}
{"method":"GET","url":"/supplier/showcart","status":"304","responseTime":"4.236"}
{"method":"GET","url":"/common/getAllTrashCategories","status":"304","responseTime":"2.339"}
{"method":"GET","url":"/supplier/showcart","status":"304","responseTime":"4.455"}
{"method":"GET","url":"/common/getAllTrashCategories","status":"304","responseTime":"3.417"}
{"method":"GET","url":"/supplier/showcart","status":"304","responseTime":"4.620"}
{"method":"GET","url":"/common/getAllTrashCategories","status":"304","responseTime":"3.329"}
{"method":"GET","url":"/supplier/showcart","status":"304","responseTime":"4.464"}
{"method":"GET","url":"/common/getAllTrashCategories","status":"304","responseTime":"3.102"}
{"method":"GET","url":"/supplier/showcart","status":"304","responseTime":"4.555"}
{"method":"GET","url":"/common/getAllTrashCategories","status":"304","responseTime":"2.955"}
{"method":"GET","url":"/supplier/showcart","status":"304","responseTime":"4.200"}
{"method":"GET","url":"/common/getAllTrashCategories","status":"304","responseTime":"3.411"}
{"method":"GET","url":"/supplier/showcart","status":"304","responseTime":"5.421"}
{"method":"GET","url":"/common/getAllTrashCategories","status":"304","responseTime":"3.795"}
{"method":"GET","url":"/supplier/showcart","status":"304","responseTime":"3.743"}
{"method":"GET","url":"/common/getAllTrashCategories","status":"304","responseTime":"3.278"}
{"method":"GET","url":"/supplier/showcart","status":"304","responseTime":"5.654"}
{"method":"GET","url":"/common/getAllTrashCategories","status":"304","responseTime":"3.812"}
{"method":"GET","url":"/supplier/showcart","status":"304","responseTime":"5.654"}
{"method":"GET","url":"/common/getAllTrashCategories","status":"304","responseTime":"4.359"}
{"method":"GET","url":"/supplier/showcart","status":"304","responseTime":"6.574"}
{"method":"GET","url":"/common/getAllTrashCategories","status":"304","responseTime":"4.826"}
{"method":"GET","url":"/supplier/showcart","status":"304","responseTime":"4.807"}
{"method":"GET","url":"/common/getAllTrashCategories","status":"304","responseTime":"3.103"}
{"method":"GET","url":"/supplier/showcart","status":"304","responseTime":"5.190"}
{"method":"GET","url":"/common/getAllTrashCategories","status":"304","responseTime":"2.873"}
{"method":"GET","url":"/supplier/showcart","status":"304","responseTime":"4.593"}
{"method":"GET","url":"/common/getAllTrashCategories","status":"304","responseTime":"3.109"}
{"method":"GET","url":"/supplier/showcart","status":"304","responseTime":"4.911"}
{"method":"GET","url":"/common/getAllTrashCategories","status":"304","responseTime":"3.347"}
{"method":"GET","url":"/supplier/showcart","status":"304","responseTime":"4.583"}
{"method":"GET","url":"/common/getAllTrashCategories","status":"304","responseTime":"2.828"}
{"method":"GET","url":"/supplier/showcart","status":"304","responseTime":"4.441"}
{"method":"GET","url":"/common/getAllTrashCategories","status":"304","responseTime":"2.931"}
{"method":"OPTIONS","url":"/supplier/showcart","status":"204","responseTime":"2.677"}
{"method":"OPTIONS","url":"/common/getAllTrashCategories","status":"204","responseTime":"0.506"}
{"method":"OPTIONS","url":"/common/getAllTrashCategories","status":"204","responseTime":"0.153"}
{"method":"OPTIONS","url":"/supplier/showcart","status":"204","responseTime":"0.123"}
{"method":"GET","url":"/common/getAllTrashCategories","status":"304","responseTime":"17.115"}
{"method":"GET","url":"/supplier/showcart","status":"304","responseTime":"46.226"}
{"method":"GET","url":"/common/getAllTrashCategories","status":"304","responseTime":"4.109"}
{"method":"GET","url":"/supplier/showcart","status":"304","responseTime":"3.905"}
{"method":"OPTIONS","url":"/common/getAllTrashSubCategories/1","status":"204","responseTime":"1.333"}
{"method":"GET","url":"/common/getAllTrashSubCategories/1","status":"404","responseTime":"66.527"}
{"method":"GET","url":"/common/getAllTrashSubCategories/1","status":"404","responseTime":"2.767"}
{"method":"OPTIONS","url":"/supplier/showcart","status":"204","responseTime":"0.573"}
{"method":"OPTIONS","url":"/common/getAllTrashCategories","status":"204","responseTime":"0.701"}
{"method":"OPTIONS","url":"/supplier/showcart","status":"204","responseTime":"0.149"}
{"method":"OPTIONS","url":"/common/getAllTrashCategories","status":"204","responseTime":"0.205"}
{"method":"GET","url":"/supplier/showcart","status":"304","responseTime":"18.774"}
{"method":"GET","url":"/common/getAllTrashCategories","status":"304","responseTime":"9.935"}
{"method":"GET","url":"/supplier/showcart","status":"304","responseTime":"9.950"}
{"method":"GET","url":"/common/getAllTrashCategories","status":"304","responseTime":"6.627"}
{"method":"GET","url":"/common/getAllTrashSubCategories/2","status":"401","responseTime":"3.652"}
{"method":"OPTIONS","url":"/supplier/signin","status":"204","responseTime":"3.976"}
{"method":"POST","url":"/supplier/signin","status":"200","responseTime":"605.417"}
{"method":"OPTIONS","url":"/common/getAllTrashCategories","status":"204","responseTime":"0.338"}
{"method":"OPTIONS","url":"/common/getAllTrashCategories","status":"204","responseTime":"0.279"}
{"method":"GET","url":"/common/getAllTrashCategories","status":"304","responseTime":"8.604"}
{"method":"OPTIONS","url":"/supplier/signin","status":"204","responseTime":"5.154"}
{"method":"POST","url":"/supplier/signin","status":"200","responseTime":"399.526"}
{"method":"OPTIONS","url":"/common/getAllTrashCategories","status":"204","responseTime":"0.962"}
{"method":"OPTIONS","url":"/common/getAllTrashCategories","status":"204","responseTime":"0.225"}
{"method":"GET","url":"/common/getAllTrashCategories","status":"304","responseTime":"21.537"}
{"method":"GET","url":"/common/getAllTrashCategories","status":"304","responseTime":"6.157"}
{"method":"OPTIONS","url":"/supplier/showcart","status":"204","responseTime":"4.393"}
{"method":"OPTIONS","url":"/common/getAllTrashCategories","status":"204","responseTime":"0.468"}
{"method":"OPTIONS","url":"/supplier/showcart","status":"204","responseTime":"0.541"}
{"method":"OPTIONS","url":"/common/getAllTrashCategories","status":"204","responseTime":"0.673"}
{"method":"GET","url":"/supplier/showcart","status":"304","responseTime":"154.226"}
{"method":"GET","url":"/common/getAllTrashCategories","status":"304","responseTime":"104.730"}
{"method":"GET","url":"/supplier/showcart","status":"304","responseTime":"15.735"}
{"method":"GET","url":"/common/getAllTrashCategories","status":"304","responseTime":"11.835"}
{"method":"OPTIONS","url":"/common/getAllTrashCategories","status":"204","responseTime":"0.400"}
{"method":"OPTIONS","url":"/common/getAllTrashCategories","status":"204","responseTime":"0.390"}
{"method":"GET","url":"/common/getAllTrashCategories","status":"304","responseTime":"6.473"}
{"method":"GET","url":"/common/getAllTrashCategories","status":"304","responseTime":"5.937"}
{"method":"OPTIONS","url":"/supplier/showcart","status":"204","responseTime":"0.270"}
{"method":"OPTIONS","url":"/supplier/showcart","status":"204","responseTime":"0.296"}
{"method":"GET","url":"/common/getAllTrashCategories","status":"304","responseTime":"12.143"}
{"method":"GET","url":"/common/getAllTrashCategories","status":"304","responseTime":"5.740"}
{"method":"GET","url":"/supplier/showcart","status":"304","responseTime":"17.316"}
{"method":"GET","url":"/supplier/showcart","status":"304","responseTime":"5.676"}
{"method":"OPTIONS","url":"/supplier/showcart","status":"204","responseTime":"0.667"}
{"method":"OPTIONS","url":"/common/getAllTrashCategories","status":"204","responseTime":"0.414"}
{"method":"OPTIONS","url":"/supplier/showcart","status":"204","responseTime":"0.239"}
{"method":"OPTIONS","url":"/common/getAllTrashCategories","status":"204","responseTime":"0.344"}
{"method":"GET","url":"/supplier/showcart","status":"304","responseTime":"12.845"}
{"method":"GET","url":"/common/getAllTrashCategories","status":"304","responseTime":"5.978"}
{"method":"GET","url":"/supplier/showcart","status":"304","responseTime":"15.154"}
{"method":"GET","url":"/common/getAllTrashCategories","status":"304","responseTime":"13.298"}
{"method":"OPTIONS","url":"/common/getAllTrashCategories","status":"204","responseTime":"0.302"}
{"method":"OPTIONS","url":"/common/getAllTrashCategories","status":"204","responseTime":"0.223"}
{"method":"GET","url":"/common/getAllTrashCategories","status":"304","responseTime":"4.000"}
{"method":"GET","url":"/common/getAllTrashCategories","status":"304","responseTime":"4.558"}
{"method":"OPTIONS","url":"/supplier/showcart","status":"204","responseTime":"0.479"}
{"method":"OPTIONS","url":"/supplier/showcart","status":"204","responseTime":"0.485"}
{"method":"OPTIONS","url":"/common/getAllTrashCategories","status":"204","responseTime":"0.358"}
{"method":"OPTIONS","url":"/common/getAllTrashCategories","status":"204","responseTime":"0.253"}
{"method":"GET","url":"/supplier/showcart","status":"304","responseTime":"7.257"}
{"method":"GET","url":"/common/getAllTrashCategories","status":"304","responseTime":"4.756"}
{"method":"GET","url":"/supplier/showcart","status":"304","responseTime":"6.917"}
{"method":"GET","url":"/common/getAllTrashCategories","status":"304","responseTime":"4.680"}
{"method":"OPTIONS","url":"/supplier/showcart","status":"204","responseTime":"0.262"}
{"method":"OPTIONS","url":"/common/getAllTrashCategories","status":"204","responseTime":"0.217"}
{"method":"OPTIONS","url":"/supplier/showcart","status":"204","responseTime":"0.160"}
{"method":"OPTIONS","url":"/common/getAllTrashCategories","status":"204","responseTime":"0.167"}
{"method":"GET","url":"/supplier/showcart","status":"304","responseTime":"5.889"}
{"method":"GET","url":"/common/getAllTrashCategories","status":"304","responseTime":"4.930"}
{"method":"GET","url":"/supplier/showcart","status":"304","responseTime":"5.558"}
{"method":"GET","url":"/common/getAllTrashCategories","status":"304","responseTime":"4.019"}
{"method":"OPTIONS","url":"/common/getAllTrashSubCategories/3","status":"204","responseTime":"0.428"}
{"method":"GET","url":"/common/getAllTrashSubCategories/3","status":"404","responseTime":"11.407"}
{"method":"OPTIONS","url":"/common/getAllTrashSubCategories/4","status":"204","responseTime":"0.591"}
{"method":"GET","url":"/common/getAllTrashSubCategories/4","status":"404","responseTime":"6.047"}
{"method":"OPTIONS","url":"/common/getAllTrashSubCategories/1","status":"204","responseTime":"0.340"}
{"method":"GET","url":"/common/getAllTrashSubCategories/1","status":"404","responseTime":"3.883"}
{"method":"OPTIONS","url":"/supplier/showcart","status":"204","responseTime":"0.417"}
{"method":"OPTIONS","url":"/common/getAllTrashCategories","status":"204","responseTime":"0.393"}
{"method":"OPTIONS","url":"/supplier/showcart","status":"204","responseTime":"0.558"}
{"method":"OPTIONS","url":"/common/getAllTrashCategories","status":"204","responseTime":"0.426"}
{"method":"GET","url":"/supplier/showcart","status":"304","responseTime":"14.604"}
{"method":"GET","url":"/common/getAllTrashCategories","status":"304","responseTime":"10.604"}
{"method":"GET","url":"/supplier/showcart","status":"304","responseTime":"11.397"}
{"method":"GET","url":"/common/getAllTrashCategories","status":"304","responseTime":"7.054"}
{"method":"OPTIONS","url":"/common/getAllTrashSubCategories/2","status":"204","responseTime":"0.472"}
{"method":"GET","url":"/common/getAllTrashSubCategories/2","status":"404","responseTime":"4.175"}
{"method":"OPTIONS","url":"/supplier/showcart","status":"204","responseTime":"0.232"}
{"method":"OPTIONS","url":"/common/getAllTrashCategories","status":"204","responseTime":"0.188"}
{"method":"GET","url":"/supplier/showcart","status":"304","responseTime":"14.655"}
{"method":"GET","url":"/common/getAllTrashCategories","status":"304","responseTime":"12.754"}
{"method":"GET","url":"/supplier/showcart","status":"304","responseTime":"4.987"}
{"method":"GET","url":"/common/getAllTrashCategories","status":"304","responseTime":"3.595"}
{"method":"GET","url":"/supplier/showcart","status":"304","responseTime":"8.133"}
{"method":"GET","url":"/common/getAllTrashCategories","status":"304","responseTime":"5.564"}
{"method":"GET","url":"/supplier/showcart","status":"304","responseTime":"5.553"}
{"method":"GET","url":"/common/getAllTrashCategories","status":"304","responseTime":"3.902"}
{"method":"OPTIONS","url":"/common/getAllTrashSubCategories/3","status":"204","responseTime":"0.273"}
{"method":"GET","url":"/common/getAllTrashSubCategories/3","status":"404","responseTime":"4.417"}
{"method":"OPTIONS","url":"/supplier/showcart","status":"204","responseTime":"0.365"}
{"method":"OPTIONS","url":"/common/getAllTrashCategories","status":"204","responseTime":"0.289"}
{"method":"GET","url":"/supplier/showcart","status":"304","responseTime":"10.708"}
{"method":"GET","url":"/common/getAllTrashCategories","status":"304","responseTime":"9.018"}
{"method":"OPTIONS","url":"/supplier/showcart","status":"204","responseTime":"0.563"}
{"method":"OPTIONS","url":"/common/getAllTrashCategories","status":"204","responseTime":"0.419"}
{"method":"GET","url":"/supplier/showcart","status":"304","responseTime":"8.757"}
{"method":"GET","url":"/common/getAllTrashCategories","status":"304","responseTime":"5.535"}
{"method":"GET","url":"/supplier/showcart","status":"304","responseTime":"6.931"}
{"method":"GET","url":"/common/getAllTrashCategories","status":"304","responseTime":"5.910"}
{"method":"GET","url":"/supplier/showcart","status":"304","responseTime":"10.532"}
{"method":"GET","url":"/common/getAllTrashCategories","status":"304","responseTime":"7.820"}
{"method":"GET","url":"/supplier/showcart","status":"304","responseTime":"8.493"}
{"method":"GET","url":"/common/getAllTrashCategories","status":"304","responseTime":"7.366"}
{"method":"GET","url":"/supplier/showcart","status":"304","responseTime":"9.964"}
{"method":"GET","url":"/common/getAllTrashCategories","status":"304","responseTime":"6.343"}
{"method":"GET","url":"/supplier/showcart","status":"304","responseTime":"7.912"}
{"method":"GET","url":"/common/getAllTrashCategories","status":"304","responseTime":"6.461"}
{"method":"GET","url":"/supplier/showcart","status":"304","responseTime":"9.287"}
{"method":"GET","url":"/common/getAllTrashCategories","status":"304","responseTime":"6.126"}
{"method":"GET","url":"/supplier/showcart","status":"304","responseTime":"8.413"}
{"method":"GET","url":"/common/getAllTrashCategories","status":"304","responseTime":"6.122"}
{"method":"GET","url":"/supplier/showcart","status":"304","responseTime":"8.874"}
{"method":"GET","url":"/common/getAllTrashCategories","status":"304","responseTime":"6.123"}
{"method":"OPTIONS","url":"/supplier/showcart","status":"204","responseTime":"0.394"}
{"method":"OPTIONS","url":"/common/getAllTrashCategories","status":"204","responseTime":"0.215"}
{"method":"OPTIONS","url":"/supplier/showcart","status":"204","responseTime":"0.183"}
{"method":"OPTIONS","url":"/common/getAllTrashCategories","status":"204","responseTime":"0.210"}
{"method":"GET","url":"/supplier/showcart","status":"304","responseTime":"5.873"}
{"method":"GET","url":"/common/getAllTrashCategories","status":"304","responseTime":"5.718"}
{"method":"GET","url":"/supplier/showcart","status":"304","responseTime":"6.341"}
{"method":"GET","url":"/common/getAllTrashCategories","status":"304","responseTime":"4.093"}
{"method":"GET","url":"/supplier/showcart","status":"304","responseTime":"4.588"}
{"method":"GET","url":"/common/getAllTrashCategories","status":"304","responseTime":"3.176"}
{"method":"GET","url":"/supplier/showcart","status":"304","responseTime":"10.093"}
{"method":"GET","url":"/common/getAllTrashCategories","status":"304","responseTime":"5.638"}
{"method":"OPTIONS","url":"/supplier/showcart","status":"204","responseTime":"0.345"}
{"method":"OPTIONS","url":"/common/getAllTrashCategories","status":"204","responseTime":"0.237"}
{"method":"GET","url":"/supplier/showcart","status":"304","responseTime":"6.242"}
{"method":"GET","url":"/common/getAllTrashCategories","status":"304","responseTime":"4.188"}
{"method":"OPTIONS","url":"/supplier/showcart","status":"204","responseTime":"0.309"}
{"method":"OPTIONS","url":"/common/getAllTrashCategories","status":"204","responseTime":"0.221"}
{"method":"OPTIONS","url":"/supplier/showcart","status":"204","responseTime":"0.193"}
{"method":"OPTIONS","url":"/common/getAllTrashCategories","status":"204","responseTime":"0.230"}
{"method":"GET","url":"/supplier/showcart","status":"304","responseTime":"5.567"}
{"method":"GET","url":"/common/getAllTrashCategories","status":"304","responseTime":"4.393"}
{"method":"GET","url":"/supplier/showcart","status":"304","responseTime":"5.408"}
{"method":"GET","url":"/common/getAllTrashCategories","status":"304","responseTime":"4.839"}
{"method":"GET","url":"/common/getAllTrashCategories","status":"304","responseTime":"3.894"}
{"method":"GET","url":"/common/getAllTrashCategories","status":"304","responseTime":"3.150"}
{"method":"GET","url":"/supplier/showcart","status":"304","responseTime":"8.206"}
{"method":"GET","url":"/common/getAllTrashCategories","status":"304","responseTime":"6.768"}
{"method":"GET","url":"/supplier/showcart","status":"304","responseTime":"10.636"}
{"method":"GET","url":"/common/getAllTrashCategories","status":"304","responseTime":"7.430"}
{"method":"OPTIONS","url":"/common/getAllTrashSubCategories/1","status":"204","responseTime":"0.263"}
{"method":"GET","url":"/common/getAllTrashSubCategories/1","status":"404","responseTime":"3.476"}
{"method":"OPTIONS","url":"/common/getAllTrashSubCategories/4","status":"204","responseTime":"0.562"}
{"method":"GET","url":"/common/getAllTrashSubCategories/4","status":"404","responseTime":"2.525"}
{"method":"GET","url":"/common/getAllTrashSubCategories/2","status":"403","responseTime":"10.752"}
{"method":"POST","url":"/supplier/signin","status":"200","responseTime":"402.866"}
{"method":"GET","url":"/common/getAllTrashSubCategories/2","status":"401","responseTime":"1.747"}
{"method":"GET","url":"/common/getAllTrashSubCategories/2","status":"401","responseTime":"0.858"}
{"method":"POST","url":"/supplier/signup","status":"500","responseTime":"162.078"}
{"method":"POST","url":"/supplier/signin","status":"401","responseTime":"142.372"}
{"method":"POST","url":"/supplier/signin","status":"401","responseTime":"6.826"}
{"method":"POST","url":"/supplier/signin","status":"200","responseTime":"20.514"}
{"method":"GET","url":"/common/getAllTrashSubCategories/1","status":"401","responseTime":"2.294"}
{"method":"OPTIONS","url":"/supplier/showcart","status":"204","responseTime":"4.214"}
{"method":"OPTIONS","url":"/common/getAllTrashCategories","status":"204","responseTime":"0.572"}
{"method":"OPTIONS","url":"/supplier/showcart","status":"204","responseTime":"0.349"}
{"method":"GET","url":"/supplier/showcart","status":"304","responseTime":"56.227"}
{"method":"OPTIONS","url":"/common/getAllTrashCategories","status":"204","responseTime":"0.617"}
{"method":"GET","url":"/supplier/showcart","status":"304","responseTime":"6.910"}
{"method":"GET","url":"/common/getAllTrashCategories","status":"304","responseTime":"1486.048"}
{"method":"GET","url":"/common/getAllTrashCategories","status":"304","responseTime":"6.177"}
{"method":"OPTIONS","url":"/common/getAllTrashSubCategories/1","status":"204","responseTime":"0.607"}
{"method":"GET","url":"/common/getAllTrashSubCategories/1","status":"404","responseTime":"11.668"}
{"method":"OPTIONS","url":"/common/getAllTrashSubCategories/3","status":"204","responseTime":"0.551"}
{"method":"GET","url":"/common/getAllTrashSubCategories/3","status":"404","responseTime":"4.710"}
{"method":"OPTIONS","url":"/common/getAllTrashSubCategories/2","status":"204","responseTime":"0.386"}
{"method":"GET","url":"/common/getAllTrashSubCategories/2","status":"404","responseTime":"5.509"}
{"method":"OPTIONS","url":"/supplier/showcart","status":"204","responseTime":"0.296"}
{"method":"OPTIONS","url":"/supplier/showcart","status":"204","responseTime":"0.463"}
{"method":"OPTIONS","url":"/common/getAllTrashCategories","status":"204","responseTime":"0.317"}
{"method":"GET","url":"/common/getAllTrashCategories","status":"304","responseTime":"15.921"}
{"method":"GET","url":"/supplier/showcart","status":"304","responseTime":"6.414"}
{"method":"OPTIONS","url":"/common/getAllTrashCategories","status":"204","responseTime":"0.207"}
{"method":"GET","url":"/common/getAllTrashCategories","status":"304","responseTime":"3.942"}
{"method":"GET","url":"/supplier/showcart","status":"304","responseTime":"17.592"}
{"method":"GET","url":"/common/getAllTrashSubCategories","status":"401","responseTime":"16.602"}
{"method":"GET","url":"/common/getAllTrashSubCategoriesbycatid/1","status":"401","responseTime":"2.596"}
{"method":"OPTIONS","url":"/supplier/showcart","status":"204","responseTime":"1.960"}
{"method":"OPTIONS","url":"/common/getAllTrashCategories","status":"204","responseTime":"0.320"}
{"method":"GET","url":"/common/getAllTrashCategories","status":"304","responseTime":"206.195"}
{"method":"GET","url":"/supplier/showcart","status":"304","responseTime":"235.692"}
{"method":"GET","url":"/supplier/showcart","status":"304","responseTime":"45.699"}
{"method":"GET","url":"/common/getAllTrashCategories","status":"304","responseTime":"33.518"}
{"method":"OPTIONS","url":"/supplier/showcart","status":"204","responseTime":"0.675"}
{"method":"OPTIONS","url":"/common/getAllTrashCategories","status":"204","responseTime":"0.393"}
{"method":"GET","url":"/common/getAllTrashCategories","status":"304","responseTime":"9.590"}
{"method":"GET","url":"/supplier/showcart","status":"304","responseTime":"21.034"}
{"method":"OPTIONS","url":"/supplier/showcart","status":"204","responseTime":"0.553"}
{"method":"OPTIONS","url":"/common/getAllTrashCategories","status":"204","responseTime":"0.329"}
{"method":"GET","url":"/supplier/showcart","status":"304","responseTime":"16.958"}
{"method":"GET","url":"/common/getAllTrashCategories","status":"304","responseTime":"14.574"}
{"method":"GET","url":"/common/getAllTrashSubCategoriesbycatid/1","status":"404","responseTime":"8.779"}
{"method":"GET","url":"/common/getAllTrashSubCategoriesbycatid/1","status":"401","responseTime":"3.030"}
{"method":"GET","url":"/common/getAllTrashSubCategoriesbycatid/1","status":"401","responseTime":"1.064"}
{"method":"POST","url":"/supplier/signin","status":"200","responseTime":"227.096"}
{"method":"GET","url":"/common/getAllTrashSubCategoriesbycatid/1","status":"403","responseTime":"14.261"}
{"method":"GET","url":"/common/getAllTrashSubCategoriesbycatid/1","status":"401","responseTime":"2.315"}
{"method":"GET","url":"/common/getAllTrashSubCategoriesbycatid/1","status":"401","responseTime":"1.474"}
{"method":"GET","url":"/common/getAllTrashSubCategoriesbycatid/1","status":"401","responseTime":"0.809"}
{"method":"POST","url":"/supplier/signin","status":"200","responseTime":"163.338"}
{"method":"GET","url":"/common/getAllTrashSubCategoriesbycatid/1","status":"401","responseTime":"1.132"}
{"method":"GET","url":"/common/getAllTrashSubCategoriesbycatid/1","status":"404","responseTime":"11.392"}
{"method":"GET","url":"/common/getAllTrashSubCategories","status":"200","responseTime":"70.965"}
{"method":"OPTIONS","url":"/supplier/showcart","status":"204","responseTime":"0.512"}
{"method":"OPTIONS","url":"/common/getAllTrashCategories","status":"204","responseTime":"0.290"}
{"method":"GET","url":"/supplier/showcart","status":"304","responseTime":"17.501"}
{"method":"GET","url":"/common/getAllTrashCategories","status":"304","responseTime":"18.177"}
{"method":"GET","url":"/common/getAllTrashCategories","status":"304","responseTime":"4.762"}
{"method":"GET","url":"/common/getAllTrashCategories","status":"304","responseTime":"2.651"}
{"method":"OPTIONS","url":"/supplier/showcart","status":"204","responseTime":"0.647"}
{"method":"OPTIONS","url":"/common/getAllTrashCategories","status":"204","responseTime":"0.236"}
{"method":"OPTIONS","url":"/common/getAllTrashCategories","status":"204","responseTime":"0.297"}
{"method":"OPTIONS","url":"/supplier/showcart","status":"204","responseTime":"0.285"}
{"method":"GET","url":"/supplier/showcart","status":"304","responseTime":"9.000"}
{"method":"GET","url":"/common/getAllTrashCategories","status":"304","responseTime":"8.430"}
{"method":"GET","url":"/supplier/showcart","status":"304","responseTime":"10.304"}
{"method":"GET","url":"/common/getAllTrashCategories","status":"304","responseTime":"7.362"}
{"method":"OPTIONS","url":"/common/getAllTrashSubCategoriesbycatid/3","status":"204","responseTime":"0.465"}
{"method":"GET","url":"/common/getAllTrashSubCategoriesbycatid/3","status":"404","responseTime":"5.442"}
{"method":"OPTIONS","url":"/supplier/showcart","status":"204","responseTime":"0.349"}
{"method":"OPTIONS","url":"/common/getAllTrashCategories","status":"204","responseTime":"0.487"}
{"method":"OPTIONS","url":"/common/getAllTrashSubCategoriesbycatid/3","status":"204","responseTime":"0.232"}
{"method":"GET","url":"/common/getAllTrashSubCategoriesbycatid/3","status":"404","responseTime":"1.555"}
{"method":"GET","url":"/supplier/showcart","status":"304","responseTime":"7.888"}
{"method":"GET","url":"/common/getAllTrashCategories","status":"304","responseTime":"6.757"}
{"method":"GET","url":"/common/getAllTrashSubCategoriesbycatid/3","status":"404","responseTime":"2.392"}
{"method":"GET","url":"/supplier/showcart","status":"304","responseTime":"8.391"}
{"method":"GET","url":"/common/getAllTrashCategories","status":"304","responseTime":"8.285"}
{"method":"GET","url":"/common/getAllTrashSubCategoriesbycatid/3","status":"404","responseTime":"2.011"}
{"method":"GET","url":"/supplier/showcart","status":"304","responseTime":"7.873"}
{"method":"GET","url":"/common/getAllTrashCategories","status":"304","responseTime":"6.827"}
{"method":"OPTIONS","url":"/supplier/showcart","status":"204","responseTime":"0.629"}
{"method":"OPTIONS","url":"/common/getAllTrashCategories","status":"204","responseTime":"0.378"}
{"method":"OPTIONS","url":"/common/getAllTrashSubCategories/3","status":"204","responseTime":"0.300"}
{"method":"GET","url":"/supplier/showcart","status":"304","responseTime":"11.101"}
{"method":"GET","url":"/common/getAllTrashCategories","status":"304","responseTime":"10.279"}
{"method":"GET","url":"/common/getAllTrashSubCategories/3","status":"404","responseTime":"4.874"}
{"method":"OPTIONS","url":"/common/getAllTrashSubCategoriesbycatid/3","status":"204","responseTime":"0.219"}
{"method":"GET","url":"/supplier/showcart","status":"304","responseTime":"8.763"}
{"method":"GET","url":"/common/getAllTrashCategories","status":"304","responseTime":"6.706"}
{"method":"GET","url":"/common/getAllTrashSubCategoriesbycatid/3","status":"404","responseTime":"3.913"}
{"method":"GET","url":"/common/getAllTrashSubCategoriesbycatid/3","status":"404","responseTime":"3.025"}
{"method":"GET","url":"/common/getAllTrashCategories","status":"304","responseTime":"8.013"}
{"method":"GET","url":"/supplier/showcart","status":"304","responseTime":"9.704"}
{"method":"GET","url":"/common/getAllTrashSubCategoriesbycatid/3","status":"404","responseTime":"3.566"}
{"method":"GET","url":"/common/getAllTrashCategories","status":"304","responseTime":"11.069"}
{"method":"GET","url":"/supplier/showcart","status":"304","responseTime":"16.642"}
{"method":"OPTIONS","url":"/supplier/showcart","status":"204","responseTime":"2.545"}
{"method":"OPTIONS","url":"/common/getAllTrashCategories","status":"204","responseTime":"0.282"}
{"method":"OPTIONS","url":"/common/getAllTrashSubCategoriesbycatid/3","status":"204","responseTime":"0.255"}
{"method":"GET","url":"/common/getAllTrashCategories","status":"304","responseTime":"110.305"}
{"method":"GET","url":"/supplier/showcart","status":"304","responseTime":"136.412"}
{"method":"GET","url":"/common/getAllTrashSubCategoriesbycatid/3","status":"200","responseTime":"115.129"}
{"method":"GET","url":"/common/getAllTrashSubCategoriesbycatid/1","status":"200","responseTime":"10.322"}
{"method":"OPTIONS","url":"/common/getAllTrashCategories","status":"204","responseTime":"0.450"}
{"method":"OPTIONS","url":"/common/getAllTrashCategories","status":"204","responseTime":"0.792"}
{"method":"GET","url":"/common/getAllTrashCategories","status":"304","responseTime":"11.146"}
{"method":"GET","url":"/common/getAllTrashCategories","status":"304","responseTime":"7.884"}
{"method":"OPTIONS","url":"/supplier/showcart","status":"204","responseTime":"0.540"}
{"method":"OPTIONS","url":"/supplier/showcart","status":"204","responseTime":"0.552"}
{"method":"GET","url":"/common/getAllTrashCategories","status":"304","responseTime":"10.249"}
{"method":"GET","url":"/supplier/showcart","status":"304","responseTime":"8.614"}
{"method":"GET","url":"/common/getAllTrashCategories","status":"304","responseTime":"13.383"}
{"method":"GET","url":"/supplier/showcart","status":"304","responseTime":"9.414"}
{"method":"OPTIONS","url":"/common/getAllTrashSubCategoriesbycatid/2","status":"204","responseTime":"0.516"}
{"method":"GET","url":"/common/getAllTrashSubCategoriesbycatid/2","status":"200","responseTime":"6.066"}
{"method":"OPTIONS","url":"/common/getAllTrashSubCategoriesbycatid/1","status":"204","responseTime":"0.243"}
{"method":"GET","url":"/common/getAllTrashSubCategoriesbycatid/1","status":"200","responseTime":"6.135"}
{"method":"OPTIONS","url":"/supplier/addcart","status":"204","responseTime":"0.531"}
{"method":"POST","url":"/supplier/addcart","status":"404","responseTime":"100.798"}
{"method":"POST","url":"/supplier/addcart","status":"404","responseTime":"4.761"}
{"method":"POST","url":"/supplier/addcart","status":"404","responseTime":"4.268"}
{"method":"POST","url":"/supplier/addcart","status":"404","responseTime":"5.617"}
{"method":"OPTIONS","url":"/supplier/showcart","status":"204","responseTime":"0.285"}
{"method":"OPTIONS","url":"/common/getAllTrashCategories","status":"204","responseTime":"0.144"}
{"method":"OPTIONS","url":"/common/getAllTrashSubCategories/1","status":"204","responseTime":"0.119"}
{"method":"GET","url":"/supplier/showcart","status":"304","responseTime":"6.646"}
{"method":"GET","url":"/common/getAllTrashSubCategories/1","status":"404","responseTime":"4.052"}
{"method":"GET","url":"/common/getAllTrashCategories","status":"304","responseTime":"7.873"}
{"method":"OPTIONS","url":"/common/getAllTrashSubCategoriesbycatid/1","status":"204","responseTime":"0.202"}
{"method":"GET","url":"/supplier/showcart","status":"304","responseTime":"6.498"}
{"method":"GET","url":"/common/getAllTrashCategories","status":"304","responseTime":"6.703"}
{"method":"GET","url":"/common/getAllTrashSubCategoriesbycatid/1","status":"304","responseTime":"4.320"}
{"method":"GET","url":"/supplier/showcart","status":"304","responseTime":"13.721"}
{"method":"GET","url":"/common/getAllTrashCategories","status":"304","responseTime":"12.388"}
{"method":"GET","url":"/common/getAllTrashSubCategoriesbycatid/1","status":"304","responseTime":"12.664"}
{"method":"OPTIONS","url":"/supplier/showcart","status":"204","responseTime":"0.487"}
{"method":"OPTIONS","url":"/common/getAllTrashCategories","status":"204","responseTime":"0.320"}
{"method":"OPTIONS","url":"/common/getAllTrashSubCategoriesbycatid/1","status":"204","responseTime":"0.326"}
{"method":"GET","url":"/common/getAllTrashCategories","status":"304","responseTime":"12.579"}
{"method":"GET","url":"/common/getAllTrashSubCategoriesbycatid/1","status":"304","responseTime":"10.944"}
{"method":"GET","url":"/supplier/showcart","status":"304","responseTime":"23.131"}
