{"method":"GET","url":"/supplier/showcart","status":"403","responseTime":"5.878"}
{"method":"POST","url":"/supplier/signin","status":"200","responseTime":"189.846"}
{"method":"GET","url":"/supplier/showcart","status":"200","responseTime":"113.131"}
{"method":"GET","url":"/getOTP","status":"403","responseTime":"14.707"}
{"method":"GET","url":"/favicon.ico","status":"403","responseTime":"1.108"}
{"method":"GET","url":"/supplier/getOTP","status":"403","responseTime":"1.294"}
{"method":"POST","url":"/supplier/signin","status":"500","responseTime":"666.806"}
{"method":"POST","url":"/supplier/signin","status":"500","responseTime":"11.545"}
{"method":"POST","url":"/supplier/signin","status":"401","responseTime":"197.720"}
{"method":"POST","url":"/supplier/signup","status":"500","responseTime":"152.029"}
{"method":"POST","url":"/supplier/signup","status":"500","responseTime":"8.023"}
{"method":"POST","url":"/supplier/signup","status":"500","responseTime":"7.253"}
{"method":"POST","url":"/supplier/signin","status":"200","responseTime":"20.163"}
{"method":"GET","url":"/supplier/getOTP","status":"403","responseTime":"0.441"}
{"method":"POST","url":"/supplier/getOTP","status":"403","responseTime":"4.209"}
{"method":"POST","url":"/supplier/getOTP","status":"403","responseTime":"0.356"}
{"method":"POST","url":"/supplier/getOTP","status":"201","responseTime":"3282.452"}
{"method":"POST","url":"/supplier/signup","status":"500","responseTime":"831.046"}
{"method":"POST","url":"/supplier/signin","status":"200","responseTime":"166.321"}
{"method":"POST","url":"/supplier/getOTP","status":"500","responseTime":"1379.363"}
{"method":"POST","url":"/supplier/getOTP","status":"201","responseTime":"3503.867"}
{"method":"POST","url":"/supplier/getOTP","status":"201","responseTime":"2384.233"}
{"method":"POST","url":"/supplier/getOTP","status":"201","responseTime":"3619.391"}
{"method":"POST","url":"/supplier/getOTP","status":"201","responseTime":"2627.423"}
{"method":"GET","url":"/common/getAllTrashCategories","status":"403","responseTime":"10.578"}
{"method":"GET","url":"/common/getAllTrashCategories","status":"403","responseTime":"0.979"}
{"method":"GET","url":"/common/getAllTrashCategories","status":"403","responseTime":"0.773"}
{"method":"GET","url":"/common/getAllTrashCategories","status":"403","responseTime":"0.446"}
{"method":"GET","url":"/common/getAllTrashCategories","status":"403","responseTime":"0.414"}
{"method":"GET","url":"/common/getAllTrashCategories","status":"403","responseTime":"0.682"}
{"method":"GET","url":"/common/getAllTrashCategories","status":"403","responseTime":"0.417"}
{"method":"GET","url":"/common/getAllTrashCategories","status":"403","responseTime":"0.418"}
{"method":"GET","url":"/common/getAllTrashCategories","status":"403","responseTime":"1.856"}
{"method":"GET","url":"/common/getAllTrashCategories","status":"403","responseTime":"1.749"}
{"method":"GET","url":"/common/getAllTrashCategories","status":"403","responseTime":"0.424"}
{"method":"GET","url":"/common/getAllTrashCategories","status":"403","responseTime":"0.572"}
{"method":"GET","url":"/common/getAllTrashCategories","status":"403","responseTime":"0.584"}
{"method":"GET","url":"/common/getAllTrashCategories","status":"403","responseTime":"0.620"}
